TpTrace Verbose: 0 : 17280, 1, 2023/07/03, 12:53:29.432, 967549128795, vstest.console.dll, Version: 17.6.0-release-20230405-08 Current process architecture: X64
TpTrace Verbose: 0 : 17280, 1, 2023/07/03, 12:53:29.433, 967549142255, vstest.console.dll, Runtime location: C:\Program Files\dotnet\shared\Microsoft.NETCore.App\7.0.7
TpTrace Verbose: 0 : 17280, 1, 2023/07/03, 12:53:29.436, 967549170094, vstest.console.dll, ArtifactProcessingPostProcessModeProcessorExecutor.Initialize: ArtifactProcessingMode.Collect
TpTrace Verbose: 0 : 17280, 1, 2023/07/03, 12:53:29.436, 967549171101, vstest.console.dll, TestSessionCorrelationIdProcessorModeProcessorExecutor.Initialize: TestSessionCorrelationId '41640_ab4dd1ea-5670-4f6f-8b3b-320cd298a9d4'
TpTrace Information: 0 : 17280, 1, 2023/07/03, 12:53:29.442, 967549228820, vstest.console.dll, FilePatternParser: The given file C:\Workspace\adventure_works\libs\Nameless.AdventureWorks.Core.UnitTests\bin\Debug\net7.0\fine-code-coverage\build-output\Nameless.AdventureWorks.Core.UnitTests.dll is a full path.
TpTrace Verbose: 0 : 17280, 1, 2023/07/03, 12:53:29.447, 967549276777, vstest.console.dll, TestPluginCache.DiscoverTestExtensions: finding test extensions in assemblies ends with: RuntimeProvider.dll TPluginInfo: Microsoft.VisualStudio.TestPlatform.Common.ExtensionFramework.Utilities.TestRuntimePluginInformation TExtension: Microsoft.VisualStudio.TestPlatform.ObjectModel.Host.ITestRuntimeProvider
TpTrace Verbose: 0 : 17280, 1, 2023/07/03, 12:53:29.447, 967549280084, vstest.console.dll, TestPluginCache.GetExtensionPaths: Filtered extension paths: 
TpTrace Verbose: 0 : 17280, 1, 2023/07/03, 12:53:29.447, 967549280849, vstest.console.dll, TestPluginCache.GetExtensionPaths: Added default extension paths: C:\Program Files\dotnet\sdk\7.0.304\Extensions\Microsoft.Diagnostics.NETCore.Client.dll
C:\Program Files\dotnet\sdk\7.0.304\Extensions\Microsoft.TestPlatform.Extensions.BlameDataCollector.dll
C:\Program Files\dotnet\sdk\7.0.304\Extensions\Microsoft.TestPlatform.Extensions.EventLogCollector.dll
C:\Program Files\dotnet\sdk\7.0.304\Extensions\Microsoft.TestPlatform.TestHostRuntimeProvider.dll
C:\Program Files\dotnet\sdk\7.0.304\Extensions\Microsoft.VisualStudio.TestPlatform.Extensions.Html.TestLogger.dll
C:\Program Files\dotnet\sdk\7.0.304\Extensions\Microsoft.VisualStudio.TestPlatform.Extensions.Trx.TestLogger.dll
TpTrace Verbose: 0 : 17280, 1, 2023/07/03, 12:53:29.447, 967549281156, vstest.console.dll, TestPluginCache.GetExtensionPaths: Added unfilterableExtensionPaths: 
TpTrace Information: 0 : 17280, 1, 2023/07/03, 12:53:29.448, 967549286458, vstest.console.dll, AssemblyResolver.ctor: Creating AssemblyResolver with searchDirectories C:\Program Files\dotnet\sdk\7.0.304\Extensions,C:\Program Files\dotnet\sdk\7.0.304
TpTrace Verbose: 0 : 17280, 1, 2023/07/03, 12:53:29.449, 967549294847, vstest.console.dll, TestPluginCache.DiscoverTestExtensions: Discovering the extensions using extension path.
TpTrace Verbose: 0 : 17280, 1, 2023/07/03, 12:53:29.449, 967549295782, vstest.console.dll, TestPluginCache.GetExtensionPaths: Filtered extension paths: 
TpTrace Verbose: 0 : 17280, 1, 2023/07/03, 12:53:29.449, 967549296077, vstest.console.dll, TestPluginCache.GetExtensionPaths: Added default extension paths: C:\Program Files\dotnet\sdk\7.0.304\Extensions\Microsoft.Diagnostics.NETCore.Client.dll
C:\Program Files\dotnet\sdk\7.0.304\Extensions\Microsoft.TestPlatform.Extensions.BlameDataCollector.dll
C:\Program Files\dotnet\sdk\7.0.304\Extensions\Microsoft.TestPlatform.Extensions.EventLogCollector.dll
C:\Program Files\dotnet\sdk\7.0.304\Extensions\Microsoft.TestPlatform.TestHostRuntimeProvider.dll
C:\Program Files\dotnet\sdk\7.0.304\Extensions\Microsoft.VisualStudio.TestPlatform.Extensions.Html.TestLogger.dll
C:\Program Files\dotnet\sdk\7.0.304\Extensions\Microsoft.VisualStudio.TestPlatform.Extensions.Trx.TestLogger.dll
TpTrace Verbose: 0 : 17280, 1, 2023/07/03, 12:53:29.449, 967549296330, vstest.console.dll, TestPluginCache.GetExtensionPaths: Added unfilterableExtensionPaths: 
TpTrace Verbose: 0 : 17280, 1, 2023/07/03, 12:53:29.449, 967549296968, vstest.console.dll, TestPluginCache.DiscoverTestExtensions: Discovering the extensions using allExtensionPaths: C:\Program Files\dotnet\sdk\7.0.304\Extensions\Microsoft.Diagnostics.NETCore.Client.dll
C:\Program Files\dotnet\sdk\7.0.304\Extensions\Microsoft.TestPlatform.Extensions.BlameDataCollector.dll
C:\Program Files\dotnet\sdk\7.0.304\Extensions\Microsoft.TestPlatform.Extensions.EventLogCollector.dll
C:\Program Files\dotnet\sdk\7.0.304\Extensions\Microsoft.TestPlatform.TestHostRuntimeProvider.dll
C:\Program Files\dotnet\sdk\7.0.304\Extensions\Microsoft.VisualStudio.TestPlatform.Extensions.Html.TestLogger.dll
C:\Program Files\dotnet\sdk\7.0.304\Extensions\Microsoft.VisualStudio.TestPlatform.Extensions.Trx.TestLogger.dll
TpTrace Information: 0 : 17280, 1, 2023/07/03, 12:53:29.449, 967549298308, vstest.console.dll, AssemblyResolver.AddSearchDirectories: Adding more searchDirectories C:\Program Files\dotnet\sdk\7.0.304\Extensions,C:\Program Files\dotnet\sdk\7.0.304
TpTrace Information: 0 : 17280, 1, 2023/07/03, 12:53:29.449, 967549298909, vstest.console.dll, AssemblyResolver.AddSearchDirectories: Adding more searchDirectories C:\Program Files\dotnet\sdk\7.0.304\Extensions,C:\Program Files\dotnet\sdk\7.0.304
TpTrace Information: 0 : 17280, 1, 2023/07/03, 12:53:29.449, 967549299209, vstest.console.dll, AssemblyResolver.AddSearchDirectories: Adding more searchDirectories C:\Program Files\dotnet\sdk\7.0.304\Extensions,C:\Program Files\dotnet\sdk\7.0.304
TpTrace Information: 0 : 17280, 1, 2023/07/03, 12:53:29.449, 967549299409, vstest.console.dll, AssemblyResolver.AddSearchDirectories: Adding more searchDirectories C:\Program Files\dotnet\sdk\7.0.304\Extensions,C:\Program Files\dotnet\sdk\7.0.304
TpTrace Information: 0 : 17280, 1, 2023/07/03, 12:53:29.449, 967549299586, vstest.console.dll, AssemblyResolver.AddSearchDirectories: Adding more searchDirectories C:\Program Files\dotnet\sdk\7.0.304\Extensions,C:\Program Files\dotnet\sdk\7.0.304
TpTrace Information: 0 : 17280, 1, 2023/07/03, 12:53:29.449, 967549299759, vstest.console.dll, AssemblyResolver.AddSearchDirectories: Adding more searchDirectories C:\Program Files\dotnet\sdk\7.0.304\Extensions,C:\Program Files\dotnet\sdk\7.0.304
TpTrace Information: 0 : 17280, 1, 2023/07/03, 12:53:29.449, 967549303324, vstest.console.dll, AssemblyResolver.OnResolve: Microsoft.Diagnostics.NETCore.Client: Resolving assembly.
TpTrace Information: 0 : 17280, 1, 2023/07/03, 12:53:29.450, 967549304113, vstest.console.dll, AssemblyResolver.OnResolve: Microsoft.Diagnostics.NETCore.Client: Searching in: 'C:\Program Files\dotnet\sdk\7.0.304\Extensions'.
TpTrace Information: 0 : 17280, 1, 2023/07/03, 12:53:29.455, 967549360093, vstest.console.dll, AssemblyResolver.OnResolve: Microsoft.Diagnostics.NETCore.Client: Loading assembly 'C:\Program Files\dotnet\sdk\7.0.304\Extensions\Microsoft.Diagnostics.NETCore.Client.dll'.
TpTrace Information: 0 : 17280, 1, 2023/07/03, 12:53:29.456, 967549366325, vstest.console.dll, AssemblyResolver.OnResolve: Resolved assembly: Microsoft.Diagnostics.NETCore.Client, from path: C:\Program Files\dotnet\sdk\7.0.304\Extensions\Microsoft.Diagnostics.NETCore.Client.dll
TpTrace Verbose: 0 : 17280, 1, 2023/07/03, 12:53:29.457, 967549375735, vstest.console.dll, MetadataReaderExtensionsHelper: Discovering extensions inside assembly 'Microsoft.Diagnostics.NETCore.Client, Version=0.2.6.42401, Culture=neutral, PublicKeyToken=31bf3856ad364e35' file path 'C:\Program Files\dotnet\sdk\7.0.304\Extensions\Microsoft.Diagnostics.NETCore.Client.dll'
TpTrace Information: 0 : 17280, 1, 2023/07/03, 12:53:29.460, 967549407107, vstest.console.dll, AssemblyResolver.OnResolve: Microsoft.Bcl.AsyncInterfaces: Resolving assembly.
TpTrace Information: 0 : 17280, 1, 2023/07/03, 12:53:29.460, 967549407861, vstest.console.dll, AssemblyResolver.OnResolve: Microsoft.Bcl.AsyncInterfaces: Searching in: 'C:\Program Files\dotnet\sdk\7.0.304\Extensions'.
TpTrace Information: 0 : 17280, 1, 2023/07/03, 12:53:29.460, 967549408427, vstest.console.dll, AssemblyResolver.OnResolve: Microsoft.Bcl.AsyncInterfaces: Assembly path does not exist: 'C:\Program Files\dotnet\sdk\7.0.304\Extensions\Microsoft.Bcl.AsyncInterfaces.dll', returning.
TpTrace Information: 0 : 17280, 1, 2023/07/03, 12:53:29.460, 967549409450, vstest.console.dll, AssemblyResolver.OnResolve: Microsoft.Bcl.AsyncInterfaces: Assembly path does not exist: 'C:\Program Files\dotnet\sdk\7.0.304\Extensions\Microsoft.Bcl.AsyncInterfaces.exe', returning.
TpTrace Information: 0 : 17280, 1, 2023/07/03, 12:53:29.460, 967549409839, vstest.console.dll, AssemblyResolver.OnResolve: Microsoft.Bcl.AsyncInterfaces: Searching in: 'C:\Program Files\dotnet\sdk\7.0.304'.
TpTrace Information: 0 : 17280, 1, 2023/07/03, 12:53:29.460, 967549410264, vstest.console.dll, AssemblyResolver.OnResolve: Microsoft.Bcl.AsyncInterfaces: Assembly path does not exist: 'C:\Program Files\dotnet\sdk\7.0.304\Microsoft.Bcl.AsyncInterfaces.dll', returning.
TpTrace Information: 0 : 17280, 1, 2023/07/03, 12:53:29.460, 967549410642, vstest.console.dll, AssemblyResolver.OnResolve: Microsoft.Bcl.AsyncInterfaces: Assembly path does not exist: 'C:\Program Files\dotnet\sdk\7.0.304\Microsoft.Bcl.AsyncInterfaces.exe', returning.
TpTrace Information: 0 : 17280, 1, 2023/07/03, 12:53:29.460, 967549410842, vstest.console.dll, AssemblyResolver.OnResolve: Microsoft.Bcl.AsyncInterfaces: Failed to load assembly.
TpTrace Verbose: 0 : 17280, 1, 2023/07/03, 12:53:29.460, 967549411131, vstest.console.dll, CurrentDomainAssemblyResolve: Resolving assembly 'Microsoft.Bcl.AsyncInterfaces'.
TpTrace Information: 0 : 17280, 1, 2023/07/03, 12:53:29.460, 967549411570, vstest.console.dll, AssemblyResolver.OnResolve: Microsoft.Bcl.AsyncInterfaces: Resolving assembly.
TpTrace Information: 0 : 17280, 1, 2023/07/03, 12:53:29.460, 967549411852, vstest.console.dll, AssemblyResolver.OnResolve: Microsoft.Bcl.AsyncInterfaces: Resolved from cache.
TpTrace Verbose: 0 : 17280, 1, 2023/07/03, 12:53:29.460, 967549412034, vstest.console.dll, CurrentDomainAssemblyResolve: Resolving assembly 'Microsoft.Bcl.AsyncInterfaces'.
TpTrace Verbose: 0 : 17280, 1, 2023/07/03, 12:53:29.460, 967549412252, vstest.console.dll, CurrentDomainAssemblyResolve: Failed to resolve assembly 'Microsoft.Bcl.AsyncInterfaces'.
TpTrace Verbose: 0 : 17280, 1, 2023/07/03, 12:53:29.461, 967549417552, vstest.console.dll, CurrentDomainAssemblyResolve: Failed to resolve assembly 'Microsoft.Bcl.AsyncInterfaces'.
TpTrace Warning: 0 : 17280, 1, 2023/07/03, 12:53:29.466, 967549466702, vstest.console.dll, TestPluginDiscoverer: Failed to get types from assembly 'Microsoft.Diagnostics.NETCore.Client, Version=0.2.6.42401, Culture=neutral, PublicKeyToken=31bf3856ad364e35'. Error: System.Reflection.ReflectionTypeLoadException: Unable to load one or more of the requested types.
Could not load file or assembly 'Microsoft.Bcl.AsyncInterfaces, Version=1.0.0.0, Culture=neutral, PublicKeyToken=cc7b13ffcd2ddd51'. O sistema não pode encontrar o arquivo especificado.
   at System.Reflection.RuntimeModule.GetTypes(RuntimeModule module)
   at System.Reflection.Assembly.GetTypes()
   at Microsoft.VisualStudio.TestPlatform.Common.ExtensionFramework.TestPluginDiscoverer.GetTestExtensionsFromAssembly[TPluginInfo,TExtension](Assembly assembly, Dictionary`2 pluginInfos, String filePath)
System.IO.FileNotFoundException: Could not load file or assembly 'Microsoft.Bcl.AsyncInterfaces, Version=1.0.0.0, Culture=neutral, PublicKeyToken=cc7b13ffcd2ddd51'. O sistema não pode encontrar o arquivo especificado.
File name: 'Microsoft.Bcl.AsyncInterfaces, Version=1.0.0.0, Culture=neutral, PublicKeyToken=cc7b13ffcd2ddd51'
 ---> System.IO.FileNotFoundException: Could not load file or assembly 'Microsoft.Bcl.AsyncInterfaces, Culture=neutral, PublicKeyToken=null'. O sistema não pode encontrar o arquivo especificado.
File name: 'Microsoft.Bcl.AsyncInterfaces, Culture=neutral, PublicKeyToken=null'
   at System.Reflection.RuntimeAssembly.InternalLoad(AssemblyName assemblyName, StackCrawlMark& stackMark, AssemblyLoadContext assemblyLoadContext, RuntimeAssembly requestingAssembly, Boolean throwOnFileNotFound)
   at System.Reflection.Assembly.Load(AssemblyName assemblyRef)
   at Microsoft.VisualStudio.TestPlatform.Common.ExtensionFramework.TestPluginCache.CurrentDomainAssemblyResolve(Object sender, AssemblyResolveEventArgs args)
   at System.Runtime.Loader.AssemblyLoadContext.GetFirstResolvedAssemblyFromResolvingEvent(AssemblyName assemblyName)
   at System.Runtime.Loader.AssemblyLoadContext.ResolveUsingEvent(AssemblyName assemblyName)
   at System.Runtime.Loader.AssemblyLoadContext.ResolveUsingResolvingEvent(IntPtr gchManagedAssemblyLoadContext, AssemblyName assemblyName)
TpTrace Warning: 0 : 17280, 1, 2023/07/03, 12:53:29.466, 967549469860, vstest.console.dll, LoaderExceptions: System.IO.FileNotFoundException: Could not load file or assembly 'Microsoft.Bcl.AsyncInterfaces, Version=1.0.0.0, Culture=neutral, PublicKeyToken=cc7b13ffcd2ddd51'. O sistema não pode encontrar o arquivo especificado.
File name: 'Microsoft.Bcl.AsyncInterfaces, Version=1.0.0.0, Culture=neutral, PublicKeyToken=cc7b13ffcd2ddd51'
 ---> System.IO.FileNotFoundException: Could not load file or assembly 'Microsoft.Bcl.AsyncInterfaces, Culture=neutral, PublicKeyToken=null'. O sistema não pode encontrar o arquivo especificado.
File name: 'Microsoft.Bcl.AsyncInterfaces, Culture=neutral, PublicKeyToken=null'
   at System.Reflection.RuntimeAssembly.InternalLoad(AssemblyName assemblyName, StackCrawlMark& stackMark, AssemblyLoadContext assemblyLoadContext, RuntimeAssembly requestingAssembly, Boolean throwOnFileNotFound)
   at System.Reflection.Assembly.Load(AssemblyName assemblyRef)
   at Microsoft.VisualStudio.TestPlatform.Common.ExtensionFramework.TestPluginCache.CurrentDomainAssemblyResolve(Object sender, AssemblyResolveEventArgs args)
   at System.Runtime.Loader.AssemblyLoadContext.GetFirstResolvedAssemblyFromResolvingEvent(AssemblyName assemblyName)
   at System.Runtime.Loader.AssemblyLoadContext.ResolveUsingEvent(AssemblyName assemblyName)
   at System.Runtime.Loader.AssemblyLoadContext.ResolveUsingResolvingEvent(IntPtr gchManagedAssemblyLoadContext, AssemblyName assemblyName)
TpTrace Information: 0 : 17280, 1, 2023/07/03, 12:53:29.466, 967549471336, vstest.console.dll, AssemblyResolver.OnResolve: Microsoft.TestPlatform.Extensions.BlameDataCollector: Resolving assembly.
TpTrace Information: 0 : 17280, 1, 2023/07/03, 12:53:29.466, 967549471793, vstest.console.dll, AssemblyResolver.OnResolve: Microsoft.TestPlatform.Extensions.BlameDataCollector: Searching in: 'C:\Program Files\dotnet\sdk\7.0.304\Extensions'.
TpTrace Information: 0 : 17280, 1, 2023/07/03, 12:53:29.467, 967549477048, vstest.console.dll, AssemblyResolver.OnResolve: Microsoft.TestPlatform.Extensions.BlameDataCollector: Loading assembly 'C:\Program Files\dotnet\sdk\7.0.304\Extensions\Microsoft.TestPlatform.Extensions.BlameDataCollector.dll'.
TpTrace Information: 0 : 17280, 1, 2023/07/03, 12:53:29.467, 967549482439, vstest.console.dll, AssemblyResolver.OnResolve: Resolved assembly: Microsoft.TestPlatform.Extensions.BlameDataCollector, from path: C:\Program Files\dotnet\sdk\7.0.304\Extensions\Microsoft.TestPlatform.Extensions.BlameDataCollector.dll
TpTrace Verbose: 0 : 17280, 1, 2023/07/03, 12:53:29.467, 967549483219, vstest.console.dll, MetadataReaderExtensionsHelper: Discovering extensions inside assembly 'Microsoft.TestPlatform.Extensions.BlameDataCollector, Version=15.0.0.0, Culture=neutral, PublicKeyToken=b03f5f7f11d50a3a' file path 'C:\Program Files\dotnet\sdk\7.0.304\Extensions\Microsoft.TestPlatform.Extensions.BlameDataCollector.dll'
TpTrace Information: 0 : 17280, 1, 2023/07/03, 12:53:29.469, 967549496195, vstest.console.dll, AssemblyResolver.OnResolve: Microsoft.TestPlatform.Extensions.EventLogCollector: Resolving assembly.
TpTrace Information: 0 : 17280, 1, 2023/07/03, 12:53:29.469, 967549496714, vstest.console.dll, AssemblyResolver.OnResolve: Microsoft.TestPlatform.Extensions.EventLogCollector: Searching in: 'C:\Program Files\dotnet\sdk\7.0.304\Extensions'.
TpTrace Information: 0 : 17280, 1, 2023/07/03, 12:53:29.469, 967549500009, vstest.console.dll, AssemblyResolver.OnResolve: Microsoft.TestPlatform.Extensions.EventLogCollector: Loading assembly 'C:\Program Files\dotnet\sdk\7.0.304\Extensions\Microsoft.TestPlatform.Extensions.EventLogCollector.dll'.
TpTrace Information: 0 : 17280, 1, 2023/07/03, 12:53:29.470, 967549503955, vstest.console.dll, AssemblyResolver.OnResolve: Resolved assembly: Microsoft.TestPlatform.Extensions.EventLogCollector, from path: C:\Program Files\dotnet\sdk\7.0.304\Extensions\Microsoft.TestPlatform.Extensions.EventLogCollector.dll
TpTrace Verbose: 0 : 17280, 1, 2023/07/03, 12:53:29.470, 967549504506, vstest.console.dll, MetadataReaderExtensionsHelper: Discovering extensions inside assembly 'Microsoft.TestPlatform.Extensions.EventLogCollector, Version=15.0.0.0, Culture=neutral, PublicKeyToken=b03f5f7f11d50a3a' file path 'C:\Program Files\dotnet\sdk\7.0.304\Extensions\Microsoft.TestPlatform.Extensions.EventLogCollector.dll'
TpTrace Information: 0 : 17280, 1, 2023/07/03, 12:53:29.472, 967549526386, vstest.console.dll, AssemblyResolver.OnResolve: Microsoft.TestPlatform.TestHostRuntimeProvider: Resolving assembly.
TpTrace Information: 0 : 17280, 1, 2023/07/03, 12:53:29.472, 967549527007, vstest.console.dll, AssemblyResolver.OnResolve: Microsoft.TestPlatform.TestHostRuntimeProvider: Searching in: 'C:\Program Files\dotnet\sdk\7.0.304\Extensions'.
TpTrace Information: 0 : 17280, 1, 2023/07/03, 12:53:29.472, 967549530497, vstest.console.dll, AssemblyResolver.OnResolve: Microsoft.TestPlatform.TestHostRuntimeProvider: Loading assembly 'C:\Program Files\dotnet\sdk\7.0.304\Extensions\Microsoft.TestPlatform.TestHostRuntimeProvider.dll'.
TpTrace Information: 0 : 17280, 1, 2023/07/03, 12:53:29.473, 967549534347, vstest.console.dll, AssemblyResolver.OnResolve: Resolved assembly: Microsoft.TestPlatform.TestHostRuntimeProvider, from path: C:\Program Files\dotnet\sdk\7.0.304\Extensions\Microsoft.TestPlatform.TestHostRuntimeProvider.dll
TpTrace Verbose: 0 : 17280, 1, 2023/07/03, 12:53:29.473, 967549534902, vstest.console.dll, MetadataReaderExtensionsHelper: Discovering extensions inside assembly 'Microsoft.TestPlatform.TestHostRuntimeProvider, Version=15.0.0.0, Culture=neutral, PublicKeyToken=b03f5f7f11d50a3a' file path 'C:\Program Files\dotnet\sdk\7.0.304\Extensions\Microsoft.TestPlatform.TestHostRuntimeProvider.dll'
TpTrace Information: 0 : 17280, 1, 2023/07/03, 12:53:29.474, 967549548870, vstest.console.dll, GetTestExtensionFromType: Register extension with identifier data 'HostProvider://DefaultTestHost' and type 'Microsoft.VisualStudio.TestPlatform.CrossPlatEngine.Hosting.DefaultTestHostManager, Microsoft.TestPlatform.TestHostRuntimeProvider, Version=15.0.0.0, Culture=neutral, PublicKeyToken=b03f5f7f11d50a3a' inside file 'C:\Program Files\dotnet\sdk\7.0.304\Extensions\Microsoft.TestPlatform.TestHostRuntimeProvider.dll'
TpTrace Information: 0 : 17280, 1, 2023/07/03, 12:53:29.474, 967549550775, vstest.console.dll, GetTestExtensionFromType: Register extension with identifier data 'HostProvider://DotnetTestHost' and type 'Microsoft.VisualStudio.TestPlatform.CrossPlatEngine.Hosting.DotnetTestHostManager, Microsoft.TestPlatform.TestHostRuntimeProvider, Version=15.0.0.0, Culture=neutral, PublicKeyToken=b03f5f7f11d50a3a' inside file 'C:\Program Files\dotnet\sdk\7.0.304\Extensions\Microsoft.TestPlatform.TestHostRuntimeProvider.dll'
TpTrace Information: 0 : 17280, 1, 2023/07/03, 12:53:29.474, 967549551354, vstest.console.dll, AssemblyResolver.OnResolve: Microsoft.VisualStudio.TestPlatform.Extensions.Html.TestLogger: Resolving assembly.
TpTrace Information: 0 : 17280, 1, 2023/07/03, 12:53:29.474, 967549551643, vstest.console.dll, AssemblyResolver.OnResolve: Microsoft.VisualStudio.TestPlatform.Extensions.Html.TestLogger: Searching in: 'C:\Program Files\dotnet\sdk\7.0.304\Extensions'.
TpTrace Information: 0 : 17280, 1, 2023/07/03, 12:53:29.475, 967549554690, vstest.console.dll, AssemblyResolver.OnResolve: Microsoft.VisualStudio.TestPlatform.Extensions.Html.TestLogger: Loading assembly 'C:\Program Files\dotnet\sdk\7.0.304\Extensions\Microsoft.VisualStudio.TestPlatform.Extensions.Html.TestLogger.dll'.
TpTrace Information: 0 : 17280, 1, 2023/07/03, 12:53:29.475, 967549558571, vstest.console.dll, AssemblyResolver.OnResolve: Resolved assembly: Microsoft.VisualStudio.TestPlatform.Extensions.Html.TestLogger, from path: C:\Program Files\dotnet\sdk\7.0.304\Extensions\Microsoft.VisualStudio.TestPlatform.Extensions.Html.TestLogger.dll
TpTrace Verbose: 0 : 17280, 1, 2023/07/03, 12:53:29.475, 967549559124, vstest.console.dll, MetadataReaderExtensionsHelper: Discovering extensions inside assembly 'Microsoft.VisualStudio.TestPlatform.Extensions.Html.TestLogger, Version=15.0.0.0, Culture=neutral, PublicKeyToken=b03f5f7f11d50a3a' file path 'C:\Program Files\dotnet\sdk\7.0.304\Extensions\Microsoft.VisualStudio.TestPlatform.Extensions.Html.TestLogger.dll'
TpTrace Information: 0 : 17280, 1, 2023/07/03, 12:53:29.476, 967549565695, vstest.console.dll, AssemblyResolver.OnResolve: Microsoft.VisualStudio.TestPlatform.Extensions.Trx.TestLogger: Resolving assembly.
TpTrace Information: 0 : 17280, 1, 2023/07/03, 12:53:29.476, 967549566164, vstest.console.dll, AssemblyResolver.OnResolve: Microsoft.VisualStudio.TestPlatform.Extensions.Trx.TestLogger: Searching in: 'C:\Program Files\dotnet\sdk\7.0.304\Extensions'.
TpTrace Information: 0 : 17280, 1, 2023/07/03, 12:53:29.476, 967549569326, vstest.console.dll, AssemblyResolver.OnResolve: Microsoft.VisualStudio.TestPlatform.Extensions.Trx.TestLogger: Loading assembly 'C:\Program Files\dotnet\sdk\7.0.304\Extensions\Microsoft.VisualStudio.TestPlatform.Extensions.Trx.TestLogger.dll'.
TpTrace Information: 0 : 17280, 1, 2023/07/03, 12:53:29.476, 967549573194, vstest.console.dll, AssemblyResolver.OnResolve: Resolved assembly: Microsoft.VisualStudio.TestPlatform.Extensions.Trx.TestLogger, from path: C:\Program Files\dotnet\sdk\7.0.304\Extensions\Microsoft.VisualStudio.TestPlatform.Extensions.Trx.TestLogger.dll
TpTrace Verbose: 0 : 17280, 1, 2023/07/03, 12:53:29.476, 967549573687, vstest.console.dll, MetadataReaderExtensionsHelper: Discovering extensions inside assembly 'Microsoft.VisualStudio.TestPlatform.Extensions.Trx.TestLogger, Version=15.0.0.0, Culture=neutral, PublicKeyToken=b03f5f7f11d50a3a' file path 'C:\Program Files\dotnet\sdk\7.0.304\Extensions\Microsoft.VisualStudio.TestPlatform.Extensions.Trx.TestLogger.dll'
TpTrace Verbose: 0 : 17280, 1, 2023/07/03, 12:53:29.477, 967549583514, vstest.console.dll, TestPluginCache: Discovered the extensions using extension path ''.
TpTrace Verbose: 0 : 17280, 1, 2023/07/03, 12:53:29.478, 967549584059, vstest.console.dll, TestPluginCache: Discoverers are ''.
TpTrace Verbose: 0 : 17280, 1, 2023/07/03, 12:53:29.478, 967549584245, vstest.console.dll, TestPluginCache: Executors are ''.
TpTrace Verbose: 0 : 17280, 1, 2023/07/03, 12:53:29.478, 967549584393, vstest.console.dll, TestPluginCache: Executors2 are ''.
TpTrace Verbose: 0 : 17280, 1, 2023/07/03, 12:53:29.478, 967549584537, vstest.console.dll, TestPluginCache: Setting providers are ''.
TpTrace Verbose: 0 : 17280, 1, 2023/07/03, 12:53:29.478, 967549584678, vstest.console.dll, TestPluginCache: Loggers are ''.
TpTrace Verbose: 0 : 17280, 1, 2023/07/03, 12:53:29.478, 967549585623, vstest.console.dll, TestPluginCache: TestHosts are 'HostProvider://DefaultTestHost,HostProvider://DotnetTestHost'.
TpTrace Verbose: 0 : 17280, 1, 2023/07/03, 12:53:29.478, 967549585911, vstest.console.dll, TestPluginCache: DataCollectors are ''.
TpTrace Information: 0 : 17280, 1, 2023/07/03, 12:53:29.485, 967549659855, vstest.console.dll, RunTestsArgumentProcessor:Execute: Test run is starting.
TpTrace Verbose: 0 : 17280, 1, 2023/07/03, 12:53:29.485, 967549660523, vstest.console.dll, RunTestsArgumentProcessor:Execute: Queuing Test run.
TpTrace Information: 0 : 17280, 1, 2023/07/03, 12:53:29.485, 967549662290, vstest.console.dll, TestRequestManager.RunTests: run tests started.
TpTrace Information: 0 : 17280, 1, 2023/07/03, 12:53:29.486, 967549671680, vstest.console.dll, AssemblyMetadataProvider.GetFrameworkName: Determined framework:'.NETCoreApp,Version=v7.0' for source: 'C:\Workspace\adventure_works\libs\Nameless.AdventureWorks.Core.UnitTests\bin\Debug\net7.0\fine-code-coverage\build-output\Nameless.AdventureWorks.Core.UnitTests.dll'
TpTrace Information: 0 : 17280, 1, 2023/07/03, 12:53:29.486, 967549672988, vstest.console.dll, Determined framework for all sources: .NETCoreApp,Version=v7.0
TpTrace Verbose: 0 : 17280, 1, 2023/07/03, 12:53:29.487, 967549676140, vstest.console.dll, TestRequestManager.UpdateRunSettingsIfRequired: Default architecture: X64 IsDefaultTargetArchitecture: True, Current process architecture: X64 OperatingSystem: Windows.
TpTrace Information: 0 : 17280, 1, 2023/07/03, 12:53:29.488, 967549689661, vstest.console.dll, AssemblyMetadataProvider.GetArchitecture: Determined architecture:AnyCPU info for assembly: C:\Workspace\adventure_works\libs\Nameless.AdventureWorks.Core.UnitTests\bin\Debug\net7.0\fine-code-coverage\build-output\Nameless.AdventureWorks.Core.UnitTests.dll
TpTrace Information: 0 : 17280, 1, 2023/07/03, 12:53:29.488, 967549690058, vstest.console.dll, Determined platform for source 'C:\Workspace\adventure_works\libs\Nameless.AdventureWorks.Core.UnitTests\bin\Debug\net7.0\fine-code-coverage\build-output\Nameless.AdventureWorks.Core.UnitTests.dll' was AnyCPU and it will use the default plaform X64.
TpTrace Information: 0 : 17280, 1, 2023/07/03, 12:53:29.488, 967549690264, vstest.console.dll, None of the sources provided any runnable platform, using the default platform: X64
TpTrace Information: 0 : 17280, 1, 2023/07/03, 12:53:29.488, 967549690885, vstest.console.dll, Platform was updated to 'X64'.
TpTrace Information: 0 : 17280, 1, 2023/07/03, 12:53:29.491, 967549715859, vstest.console.dll, InferRunSettingsHelper.IsTestSettingsEnabled: Unable to navigate to RunSettings/MSTest. Current node: RunSettings
TpTrace Information: 0 : 17280, 1, 2023/07/03, 12:53:29.491, 967549720528, vstest.console.dll, AssemblyResolver.OnResolve: Microsoft.VisualStudio.TestPlatform.Fakes: Resolving assembly.
TpTrace Information: 0 : 17280, 1, 2023/07/03, 12:53:29.491, 967549721113, vstest.console.dll, AssemblyResolver.OnResolve: Microsoft.VisualStudio.TestPlatform.Fakes: Searching in: 'C:\Program Files\dotnet\sdk\7.0.304\Extensions'.
TpTrace Information: 0 : 17280, 1, 2023/07/03, 12:53:29.491, 967549721664, vstest.console.dll, AssemblyResolver.OnResolve: Microsoft.VisualStudio.TestPlatform.Fakes: Assembly path does not exist: 'C:\Program Files\dotnet\sdk\7.0.304\Extensions\Microsoft.VisualStudio.TestPlatform.Fakes.dll', returning.
TpTrace Information: 0 : 17280, 1, 2023/07/03, 12:53:29.491, 967549722066, vstest.console.dll, AssemblyResolver.OnResolve: Microsoft.VisualStudio.TestPlatform.Fakes: Assembly path does not exist: 'C:\Program Files\dotnet\sdk\7.0.304\Extensions\Microsoft.VisualStudio.TestPlatform.Fakes.exe', returning.
TpTrace Information: 0 : 17280, 1, 2023/07/03, 12:53:29.491, 967549722269, vstest.console.dll, AssemblyResolver.OnResolve: Microsoft.VisualStudio.TestPlatform.Fakes: Searching in: 'C:\Program Files\dotnet\sdk\7.0.304'.
TpTrace Information: 0 : 17280, 1, 2023/07/03, 12:53:29.491, 967549722748, vstest.console.dll, AssemblyResolver.OnResolve: Microsoft.VisualStudio.TestPlatform.Fakes: Assembly path does not exist: 'C:\Program Files\dotnet\sdk\7.0.304\Microsoft.VisualStudio.TestPlatform.Fakes.dll', returning.
TpTrace Information: 0 : 17280, 1, 2023/07/03, 12:53:29.491, 967549723106, vstest.console.dll, AssemblyResolver.OnResolve: Microsoft.VisualStudio.TestPlatform.Fakes: Assembly path does not exist: 'C:\Program Files\dotnet\sdk\7.0.304\Microsoft.VisualStudio.TestPlatform.Fakes.exe', returning.
TpTrace Information: 0 : 17280, 1, 2023/07/03, 12:53:29.491, 967549723299, vstest.console.dll, AssemblyResolver.OnResolve: Microsoft.VisualStudio.TestPlatform.Fakes: Failed to load assembly.
TpTrace Information: 0 : 17280, 1, 2023/07/03, 12:53:29.492, 967549725214, vstest.console.dll, Failed to load assembly Microsoft.VisualStudio.TestPlatform.Fakes, Version=17.0.0.0, Culture=neutral. Reason:System.IO.FileNotFoundException: Could not load file or assembly 'Microsoft.VisualStudio.TestPlatform.Fakes, Version=17.0.0.0, Culture=neutral, PublicKeyToken=null'. O sistema não pode encontrar o arquivo especificado.
File name: 'Microsoft.VisualStudio.TestPlatform.Fakes, Version=17.0.0.0, Culture=neutral, PublicKeyToken=null'
   at System.Reflection.RuntimeAssembly.InternalLoad(AssemblyName assemblyName, StackCrawlMark& stackMark, AssemblyLoadContext assemblyLoadContext, RuntimeAssembly requestingAssembly, Boolean throwOnFileNotFound)
   at System.Reflection.Assembly.Load(AssemblyName assemblyRef)
   at Microsoft.VisualStudio.TestPlatform.Common.Utilities.FakesUtilities.LoadTestPlatformAssembly()
TpTrace Verbose: 0 : 17280, 1, 2023/07/03, 12:53:29.494, 967549752635, vstest.console.dll, TestPluginCache.DiscoverTestExtensions: finding test extensions in assemblies ends with: TestLogger.dll TPluginInfo: Microsoft.VisualStudio.TestPlatform.Common.ExtensionFramework.Utilities.TestLoggerPluginInformation TExtension: Microsoft.VisualStudio.TestPlatform.ObjectModel.Client.ITestLogger
TpTrace Verbose: 0 : 17280, 1, 2023/07/03, 12:53:29.494, 967549753408, vstest.console.dll, TestPluginCache.GetExtensionPaths: Filtered extension paths: 
TpTrace Verbose: 0 : 17280, 1, 2023/07/03, 12:53:29.494, 967549753731, vstest.console.dll, TestPluginCache.GetExtensionPaths: Added default extension paths: C:\Program Files\dotnet\sdk\7.0.304\Extensions\Microsoft.Diagnostics.NETCore.Client.dll
C:\Program Files\dotnet\sdk\7.0.304\Extensions\Microsoft.TestPlatform.Extensions.BlameDataCollector.dll
C:\Program Files\dotnet\sdk\7.0.304\Extensions\Microsoft.TestPlatform.Extensions.EventLogCollector.dll
C:\Program Files\dotnet\sdk\7.0.304\Extensions\Microsoft.TestPlatform.TestHostRuntimeProvider.dll
C:\Program Files\dotnet\sdk\7.0.304\Extensions\Microsoft.VisualStudio.TestPlatform.Extensions.Html.TestLogger.dll
C:\Program Files\dotnet\sdk\7.0.304\Extensions\Microsoft.VisualStudio.TestPlatform.Extensions.Trx.TestLogger.dll
TpTrace Verbose: 0 : 17280, 1, 2023/07/03, 12:53:29.495, 967549754063, vstest.console.dll, TestPluginCache.GetExtensionPaths: Added unfilterableExtensionPaths: 
TpTrace Information: 0 : 17280, 1, 2023/07/03, 12:53:29.495, 967549755281, vstest.console.dll, AssemblyResolver.AddSearchDirectories: Adding more searchDirectories C:\Program Files\dotnet\sdk\7.0.304\Extensions,C:\Program Files\dotnet\sdk\7.0.304
TpTrace Verbose: 0 : 17280, 1, 2023/07/03, 12:53:29.495, 967549755764, vstest.console.dll, TestPluginCache.DiscoverTestExtensions: Discovering the extensions using extension path.
TpTrace Verbose: 0 : 17280, 1, 2023/07/03, 12:53:29.495, 967549756052, vstest.console.dll, TestPluginCache.GetExtensionPaths: Filtered extension paths: 
TpTrace Verbose: 0 : 17280, 1, 2023/07/03, 12:53:29.495, 967549756244, vstest.console.dll, TestPluginCache.GetExtensionPaths: Added default extension paths: C:\Program Files\dotnet\sdk\7.0.304\Extensions\Microsoft.Diagnostics.NETCore.Client.dll
C:\Program Files\dotnet\sdk\7.0.304\Extensions\Microsoft.TestPlatform.Extensions.BlameDataCollector.dll
C:\Program Files\dotnet\sdk\7.0.304\Extensions\Microsoft.TestPlatform.Extensions.EventLogCollector.dll
C:\Program Files\dotnet\sdk\7.0.304\Extensions\Microsoft.TestPlatform.TestHostRuntimeProvider.dll
C:\Program Files\dotnet\sdk\7.0.304\Extensions\Microsoft.VisualStudio.TestPlatform.Extensions.Html.TestLogger.dll
C:\Program Files\dotnet\sdk\7.0.304\Extensions\Microsoft.VisualStudio.TestPlatform.Extensions.Trx.TestLogger.dll
TpTrace Verbose: 0 : 17280, 1, 2023/07/03, 12:53:29.495, 967549756450, vstest.console.dll, TestPluginCache.GetExtensionPaths: Added unfilterableExtensionPaths: 
TpTrace Verbose: 0 : 17280, 1, 2023/07/03, 12:53:29.495, 967549756625, vstest.console.dll, TestPluginCache.DiscoverTestExtensions: Discovering the extensions using allExtensionPaths: C:\Program Files\dotnet\sdk\7.0.304\Extensions\Microsoft.Diagnostics.NETCore.Client.dll
C:\Program Files\dotnet\sdk\7.0.304\Extensions\Microsoft.TestPlatform.Extensions.BlameDataCollector.dll
C:\Program Files\dotnet\sdk\7.0.304\Extensions\Microsoft.TestPlatform.Extensions.EventLogCollector.dll
C:\Program Files\dotnet\sdk\7.0.304\Extensions\Microsoft.TestPlatform.TestHostRuntimeProvider.dll
C:\Program Files\dotnet\sdk\7.0.304\Extensions\Microsoft.VisualStudio.TestPlatform.Extensions.Html.TestLogger.dll
C:\Program Files\dotnet\sdk\7.0.304\Extensions\Microsoft.VisualStudio.TestPlatform.Extensions.Trx.TestLogger.dll
TpTrace Information: 0 : 17280, 1, 2023/07/03, 12:53:29.495, 967549757314, vstest.console.dll, AssemblyResolver.AddSearchDirectories: Adding more searchDirectories C:\Program Files\dotnet\sdk\7.0.304\Extensions,C:\Program Files\dotnet\sdk\7.0.304
TpTrace Information: 0 : 17280, 1, 2023/07/03, 12:53:29.495, 967549757587, vstest.console.dll, AssemblyResolver.AddSearchDirectories: Adding more searchDirectories C:\Program Files\dotnet\sdk\7.0.304\Extensions,C:\Program Files\dotnet\sdk\7.0.304
TpTrace Information: 0 : 17280, 1, 2023/07/03, 12:53:29.495, 967549757771, vstest.console.dll, AssemblyResolver.AddSearchDirectories: Adding more searchDirectories C:\Program Files\dotnet\sdk\7.0.304\Extensions,C:\Program Files\dotnet\sdk\7.0.304
TpTrace Information: 0 : 17280, 1, 2023/07/03, 12:53:29.495, 967549757974, vstest.console.dll, AssemblyResolver.AddSearchDirectories: Adding more searchDirectories C:\Program Files\dotnet\sdk\7.0.304\Extensions,C:\Program Files\dotnet\sdk\7.0.304
TpTrace Information: 0 : 17280, 1, 2023/07/03, 12:53:29.495, 967549758154, vstest.console.dll, AssemblyResolver.AddSearchDirectories: Adding more searchDirectories C:\Program Files\dotnet\sdk\7.0.304\Extensions,C:\Program Files\dotnet\sdk\7.0.304
TpTrace Information: 0 : 17280, 1, 2023/07/03, 12:53:29.495, 967549758323, vstest.console.dll, AssemblyResolver.AddSearchDirectories: Adding more searchDirectories C:\Program Files\dotnet\sdk\7.0.304\Extensions,C:\Program Files\dotnet\sdk\7.0.304
TpTrace Verbose: 0 : 17280, 1, 2023/07/03, 12:53:29.495, 967549759051, vstest.console.dll, MetadataReaderExtensionsHelper: Discovering extensions inside assembly 'Microsoft.Diagnostics.NETCore.Client, Version=0.2.6.42401, Culture=neutral, PublicKeyToken=31bf3856ad364e35' file path 'C:\Program Files\dotnet\sdk\7.0.304\Extensions\Microsoft.Diagnostics.NETCore.Client.dll'
TpTrace Information: 0 : 17280, 1, 2023/07/03, 12:53:29.496, 967549766474, vstest.console.dll, AssemblyResolver.OnResolve: Microsoft.Bcl.AsyncInterfaces: Resolving assembly.
TpTrace Information: 0 : 17280, 1, 2023/07/03, 12:53:29.496, 967549766911, vstest.console.dll, AssemblyResolver.OnResolve: Microsoft.Bcl.AsyncInterfaces: Resolved from cache.
TpTrace Verbose: 0 : 17280, 1, 2023/07/03, 12:53:29.496, 967549767115, vstest.console.dll, CurrentDomainAssemblyResolve: Resolving assembly 'Microsoft.Bcl.AsyncInterfaces'.
TpTrace Information: 0 : 17280, 1, 2023/07/03, 12:53:29.496, 967549767396, vstest.console.dll, AssemblyResolver.OnResolve: Microsoft.Bcl.AsyncInterfaces: Resolving assembly.
TpTrace Information: 0 : 17280, 1, 2023/07/03, 12:53:29.496, 967549767629, vstest.console.dll, AssemblyResolver.OnResolve: Microsoft.Bcl.AsyncInterfaces: Resolved from cache.
TpTrace Verbose: 0 : 17280, 1, 2023/07/03, 12:53:29.496, 967549767870, vstest.console.dll, CurrentDomainAssemblyResolve: Resolving assembly 'Microsoft.Bcl.AsyncInterfaces'.
TpTrace Verbose: 0 : 17280, 1, 2023/07/03, 12:53:29.496, 967549768044, vstest.console.dll, CurrentDomainAssemblyResolve: Failed to resolve assembly 'Microsoft.Bcl.AsyncInterfaces'.
TpTrace Verbose: 0 : 17280, 1, 2023/07/03, 12:53:29.496, 967549769117, vstest.console.dll, CurrentDomainAssemblyResolve: Failed to resolve assembly 'Microsoft.Bcl.AsyncInterfaces'.
TpTrace Warning: 0 : 17280, 1, 2023/07/03, 12:53:29.496, 967549771711, vstest.console.dll, TestPluginDiscoverer: Failed to get types from assembly 'Microsoft.Diagnostics.NETCore.Client, Version=0.2.6.42401, Culture=neutral, PublicKeyToken=31bf3856ad364e35'. Error: System.Reflection.ReflectionTypeLoadException: Unable to load one or more of the requested types.
Could not load file or assembly 'Microsoft.Bcl.AsyncInterfaces, Version=1.0.0.0, Culture=neutral, PublicKeyToken=cc7b13ffcd2ddd51'. O sistema não pode encontrar o arquivo especificado.
   at System.Reflection.RuntimeModule.GetTypes(RuntimeModule module)
   at System.Reflection.Assembly.GetTypes()
   at Microsoft.VisualStudio.TestPlatform.Common.ExtensionFramework.TestPluginDiscoverer.GetTestExtensionsFromAssembly[TPluginInfo,TExtension](Assembly assembly, Dictionary`2 pluginInfos, String filePath)
System.IO.FileNotFoundException: Could not load file or assembly 'Microsoft.Bcl.AsyncInterfaces, Version=1.0.0.0, Culture=neutral, PublicKeyToken=cc7b13ffcd2ddd51'. O sistema não pode encontrar o arquivo especificado.
File name: 'Microsoft.Bcl.AsyncInterfaces, Version=1.0.0.0, Culture=neutral, PublicKeyToken=cc7b13ffcd2ddd51'
 ---> System.IO.FileNotFoundException: Could not load file or assembly 'Microsoft.Bcl.AsyncInterfaces, Culture=neutral, PublicKeyToken=null'. O sistema não pode encontrar o arquivo especificado.
File name: 'Microsoft.Bcl.AsyncInterfaces, Culture=neutral, PublicKeyToken=null'
   at System.Reflection.RuntimeAssembly.InternalLoad(AssemblyName assemblyName, StackCrawlMark& stackMark, AssemblyLoadContext assemblyLoadContext, RuntimeAssembly requestingAssembly, Boolean throwOnFileNotFound)
   at System.Reflection.Assembly.Load(AssemblyName assemblyRef)
   at Microsoft.VisualStudio.TestPlatform.Common.ExtensionFramework.TestPluginCache.CurrentDomainAssemblyResolve(Object sender, AssemblyResolveEventArgs args)
   at System.Runtime.Loader.AssemblyLoadContext.GetFirstResolvedAssemblyFromResolvingEvent(AssemblyName assemblyName)
   at System.Runtime.Loader.AssemblyLoadContext.ResolveUsingEvent(AssemblyName assemblyName)
   at System.Runtime.Loader.AssemblyLoadContext.ResolveUsingResolvingEvent(IntPtr gchManagedAssemblyLoadContext, AssemblyName assemblyName)
TpTrace Warning: 0 : 17280, 1, 2023/07/03, 12:53:29.496, 967549773208, vstest.console.dll, LoaderExceptions: System.IO.FileNotFoundException: Could not load file or assembly 'Microsoft.Bcl.AsyncInterfaces, Version=1.0.0.0, Culture=neutral, PublicKeyToken=cc7b13ffcd2ddd51'. O sistema não pode encontrar o arquivo especificado.
File name: 'Microsoft.Bcl.AsyncInterfaces, Version=1.0.0.0, Culture=neutral, PublicKeyToken=cc7b13ffcd2ddd51'
 ---> System.IO.FileNotFoundException: Could not load file or assembly 'Microsoft.Bcl.AsyncInterfaces, Culture=neutral, PublicKeyToken=null'. O sistema não pode encontrar o arquivo especificado.
File name: 'Microsoft.Bcl.AsyncInterfaces, Culture=neutral, PublicKeyToken=null'
   at System.Reflection.RuntimeAssembly.InternalLoad(AssemblyName assemblyName, StackCrawlMark& stackMark, AssemblyLoadContext assemblyLoadContext, RuntimeAssembly requestingAssembly, Boolean throwOnFileNotFound)
   at System.Reflection.Assembly.Load(AssemblyName assemblyRef)
   at Microsoft.VisualStudio.TestPlatform.Common.ExtensionFramework.TestPluginCache.CurrentDomainAssemblyResolve(Object sender, AssemblyResolveEventArgs args)
   at System.Runtime.Loader.AssemblyLoadContext.GetFirstResolvedAssemblyFromResolvingEvent(AssemblyName assemblyName)
   at System.Runtime.Loader.AssemblyLoadContext.ResolveUsingEvent(AssemblyName assemblyName)
   at System.Runtime.Loader.AssemblyLoadContext.ResolveUsingResolvingEvent(IntPtr gchManagedAssemblyLoadContext, AssemblyName assemblyName)
TpTrace Verbose: 0 : 17280, 1, 2023/07/03, 12:53:29.497, 967549773821, vstest.console.dll, MetadataReaderExtensionsHelper: Discovering extensions inside assembly 'Microsoft.TestPlatform.Extensions.BlameDataCollector, Version=15.0.0.0, Culture=neutral, PublicKeyToken=b03f5f7f11d50a3a' file path 'C:\Program Files\dotnet\sdk\7.0.304\Extensions\Microsoft.TestPlatform.Extensions.BlameDataCollector.dll'
TpTrace Information: 0 : 17280, 1, 2023/07/03, 12:53:29.497, 967549778503, vstest.console.dll, GetTestExtensionFromType: Register extension with identifier data 'logger://Microsoft/TestPlatform/Extensions/Blame/v1' and type 'Microsoft.TestPlatform.Extensions.BlameDataCollector.BlameLogger, Microsoft.TestPlatform.Extensions.BlameDataCollector, Version=15.0.0.0, Culture=neutral, PublicKeyToken=b03f5f7f11d50a3a' inside file 'C:\Program Files\dotnet\sdk\7.0.304\Extensions\Microsoft.TestPlatform.Extensions.BlameDataCollector.dll'
TpTrace Verbose: 0 : 17280, 1, 2023/07/03, 12:53:29.497, 967549779052, vstest.console.dll, MetadataReaderExtensionsHelper: Discovering extensions inside assembly 'Microsoft.TestPlatform.Extensions.EventLogCollector, Version=15.0.0.0, Culture=neutral, PublicKeyToken=b03f5f7f11d50a3a' file path 'C:\Program Files\dotnet\sdk\7.0.304\Extensions\Microsoft.TestPlatform.Extensions.EventLogCollector.dll'
TpTrace Verbose: 0 : 17280, 1, 2023/07/03, 12:53:29.497, 967549782496, vstest.console.dll, MetadataReaderExtensionsHelper: Discovering extensions inside assembly 'Microsoft.TestPlatform.TestHostRuntimeProvider, Version=15.0.0.0, Culture=neutral, PublicKeyToken=b03f5f7f11d50a3a' file path 'C:\Program Files\dotnet\sdk\7.0.304\Extensions\Microsoft.TestPlatform.TestHostRuntimeProvider.dll'
TpTrace Verbose: 0 : 17280, 1, 2023/07/03, 12:53:29.498, 967549786166, vstest.console.dll, MetadataReaderExtensionsHelper: Discovering extensions inside assembly 'Microsoft.VisualStudio.TestPlatform.Extensions.Html.TestLogger, Version=15.0.0.0, Culture=neutral, PublicKeyToken=b03f5f7f11d50a3a' file path 'C:\Program Files\dotnet\sdk\7.0.304\Extensions\Microsoft.VisualStudio.TestPlatform.Extensions.Html.TestLogger.dll'
TpTrace Information: 0 : 17280, 1, 2023/07/03, 12:53:29.498, 967549790772, vstest.console.dll, GetTestExtensionFromType: Register extension with identifier data 'logger://Microsoft/TestPlatform/HtmlLogger/v1' and type 'Microsoft.VisualStudio.TestPlatform.Extensions.HtmlLogger.HtmlLogger, Microsoft.VisualStudio.TestPlatform.Extensions.Html.TestLogger, Version=15.0.0.0, Culture=neutral, PublicKeyToken=b03f5f7f11d50a3a' inside file 'C:\Program Files\dotnet\sdk\7.0.304\Extensions\Microsoft.VisualStudio.TestPlatform.Extensions.Html.TestLogger.dll'
TpTrace Verbose: 0 : 17280, 1, 2023/07/03, 12:53:29.498, 967549791269, vstest.console.dll, MetadataReaderExtensionsHelper: Discovering extensions inside assembly 'Microsoft.VisualStudio.TestPlatform.Extensions.Trx.TestLogger, Version=15.0.0.0, Culture=neutral, PublicKeyToken=b03f5f7f11d50a3a' file path 'C:\Program Files\dotnet\sdk\7.0.304\Extensions\Microsoft.VisualStudio.TestPlatform.Extensions.Trx.TestLogger.dll'
TpTrace Information: 0 : 17280, 1, 2023/07/03, 12:53:29.499, 967549794884, vstest.console.dll, GetTestExtensionFromType: Register extension with identifier data 'logger://Microsoft/TestPlatform/TrxLogger/v1' and type 'Microsoft.VisualStudio.TestPlatform.Extensions.TrxLogger.TrxLogger, Microsoft.VisualStudio.TestPlatform.Extensions.Trx.TestLogger, Version=15.0.0.0, Culture=neutral, PublicKeyToken=b03f5f7f11d50a3a' inside file 'C:\Program Files\dotnet\sdk\7.0.304\Extensions\Microsoft.VisualStudio.TestPlatform.Extensions.Trx.TestLogger.dll'
TpTrace Verbose: 0 : 17280, 1, 2023/07/03, 12:53:29.499, 967549795610, vstest.console.dll, TestPluginCache: Discovered the extensions using extension path ''.
TpTrace Verbose: 0 : 17280, 1, 2023/07/03, 12:53:29.499, 967549795894, vstest.console.dll, TestPluginCache: Discoverers are ''.
TpTrace Verbose: 0 : 17280, 1, 2023/07/03, 12:53:29.499, 967549796055, vstest.console.dll, TestPluginCache: Executors are ''.
TpTrace Verbose: 0 : 17280, 1, 2023/07/03, 12:53:29.499, 967549796202, vstest.console.dll, TestPluginCache: Executors2 are ''.
TpTrace Verbose: 0 : 17280, 1, 2023/07/03, 12:53:29.499, 967549796346, vstest.console.dll, TestPluginCache: Setting providers are ''.
TpTrace Verbose: 0 : 17280, 1, 2023/07/03, 12:53:29.499, 967549796747, vstest.console.dll, TestPluginCache: Loggers are 'logger://Microsoft/TestPlatform/Extensions/Blame/v1,logger://Microsoft/TestPlatform/HtmlLogger/v1,logger://Microsoft/TestPlatform/TrxLogger/v1'.
TpTrace Verbose: 0 : 17280, 1, 2023/07/03, 12:53:29.499, 967549797046, vstest.console.dll, TestPluginCache: TestHosts are 'HostProvider://DefaultTestHost,HostProvider://DotnetTestHost'.
TpTrace Verbose: 0 : 17280, 1, 2023/07/03, 12:53:29.499, 967549797254, vstest.console.dll, TestPluginCache: DataCollectors are ''.
TpTrace Information: 0 : 17280, 1, 2023/07/03, 12:53:29.499, 967549803610, vstest.console.dll, TestPluginManager.CreateTestExtension: Attempting to load test extension: Microsoft.TestPlatform.Extensions.BlameDataCollector.BlameLogger
TpTrace Verbose: 0 : 17280, 1, 2023/07/03, 12:53:29.505, 967549858798, vstest.console.dll, TestEngine: Initializing Parallel Execution as MaxCpuCount is set to: 1
TpTrace Information: 0 : 17280, 1, 2023/07/03, 12:53:29.506, 967549872278, vstest.console.dll, TestPluginManager.CreateTestExtension: Attempting to load test extension: Microsoft.VisualStudio.TestPlatform.CrossPlatEngine.Hosting.DefaultTestHostManager
TpTrace Information: 0 : 17280, 1, 2023/07/03, 12:53:29.507, 967549880987, vstest.console.dll, TestPluginManager.CreateTestExtension: Attempting to load test extension: Microsoft.VisualStudio.TestPlatform.CrossPlatEngine.Hosting.DotnetTestHostManager
TpTrace Information: 0 : 17280, 1, 2023/07/03, 12:53:29.508, 967549886116, vstest.console.dll, InferRunSettingsHelper.IsTestSettingsEnabled: Unable to navigate to RunSettings/MSTest. Current node: RunSettings
TpTrace Verbose: 0 : 17280, 1, 2023/07/03, 12:53:29.511, 967549920211, vstest.console.dll, TestEngine.GetExecutionManager: Chosen execution manager 'Microsoft.VisualStudio.TestPlatform.CrossPlatEngine.Client.Parallel.ParallelProxyExecutionManager, Microsoft.TestPlatform.CrossPlatEngine, Version=15.0.0.0, Culture=neutral, PublicKeyToken=b03f5f7f11d50a3a' ParallelLevel '1'.
TpTrace Verbose: 0 : 17280, 1, 2023/07/03, 12:53:29.511, 967549921431, vstest.console.dll, TestRunRequest.ExecuteAsync: Creating test run request.
TpTrace Verbose: 0 : 17280, 1, 2023/07/03, 12:53:29.511, 967549923314, vstest.console.dll, TestRunRequest.ExecuteAsync: Starting.
TpTrace Information: 0 : 17280, 1, 2023/07/03, 12:53:29.512, 967549925494, vstest.console.dll, TestRunRequest.ExecuteAsync: Starting run with settings:TestRunCriteria:
   KeepAlive=False,FrequencyOfRunStatsChangeEvent=10,RunStatsChangeEventTimeout=00:00:01.5000000,TestCaseFilter=,TestExecutorLauncher=
   Settingsxml=<RunSettings>
  <RunConfiguration>
    <ResultsDirectory>C:\Workspace\adventure_works\libs\Nameless.AdventureWorks.Core.UnitTests\bin\Debug\net7.0\fine-code-coverage\coverage-tool-output</ResultsDirectory>
    <TargetPlatform>X64</TargetPlatform>
    <TargetFrameworkVersion>.NETCoreApp,Version=v7.0</TargetFrameworkVersion>
    <DesignMode>False</DesignMode>
    <CollectSourceInformation>False</CollectSourceInformation>
  </RunConfiguration>
  <LoggerRunSettings>
    <Loggers>
      <Logger friendlyName="blame" enabled="True" />
      <Logger friendlyName="Console" uri="logger://microsoft/TestPlatform/ConsoleLogger/v1" assemblyQualifiedName="Microsoft.VisualStudio.TestPlatform.CommandLine.Internal.ConsoleLogger, vstest.console, Version=15.0.0.0, Culture=neutral, PublicKeyToken=b03f5f7f11d50a3a" codeBase="C:\Program Files\dotnet\sdk\7.0.304\vstest.console.dll" enabled="True" />
    </Loggers>
  </LoggerRunSettings>
  <DataCollectionRunSettings>
    <DataCollectors>
      <DataCollector friendlyName="blame" enabled="True">
        <Configuration>
          <ResultsDirectory>C:\Workspace\adventure_works\libs\Nameless.AdventureWorks.Core.UnitTests\bin\Debug\net7.0\fine-code-coverage\coverage-tool-output</ResultsDirectory>
        </Configuration>
      </DataCollector>
    </DataCollectors>
  </DataCollectionRunSettings>
</RunSettings>

TpTrace Verbose: 0 : 17280, 1, 2023/07/03, 12:53:29.512, 967549925919, vstest.console.dll, TestRunRequest.ExecuteAsync: Wait for the first run request is over.
TpTrace Verbose: 0 : 17280, 1, 2023/07/03, 12:53:29.512, 967549928111, vstest.console.dll, MulticastDelegateUtilities.SafeInvoke: TestRun.TestRunStart: Invoking callbacks was skipped because there are no subscribers.
TpTrace Verbose: 0 : 17280, 4, 2023/07/03, 12:53:29.512, 967549930194, vstest.console.dll, MulticastDelegateUtilities.SafeInvoke: InternalTestLoggerEvents.SendTestRunStart: Invoking callback 1/1 for Microsoft.VisualStudio.TestPlatform.CommandLine.Internal.ConsoleLogger., took 0 ms.
TpTrace Verbose: 0 : 17280, 1, 2023/07/03, 12:53:29.513, 967549937640, vstest.console.dll, ParallelProxyExecutionManager: Start execution. Total sources: 1
TpTrace Verbose: 0 : 17280, 1, 2023/07/03, 12:53:29.514, 967549951820, vstest.console.dll, TestRequestSender is acting as server.
TpTrace Verbose: 0 : 17280, 1, 2023/07/03, 12:53:29.516, 967549968928, vstest.console.dll, ParallelOperationManager.RunWorkInParallel: Started work on a host.
TpTrace Verbose: 0 : 17280, 1, 2023/07/03, 12:53:29.517, 967549974868, vstest.console.dll, ProxyParallelExecutionManager: No sources available for execution.
TpTrace Information: 0 : 17280, 1, 2023/07/03, 12:53:29.517, 967549975416, vstest.console.dll, TestRunRequest.ExecuteAsync: Started.
TpTrace Verbose: 0 : 17280, 1, 2023/07/03, 12:53:29.517, 967549975903, vstest.console.dll, TestRunRequest.WaitForCompletion: Waiting with timeout -1.
TpTrace Verbose: 0 : 17280, 5, 2023/07/03, 12:53:29.517, 967549977320, vstest.console.dll, DataCollectionRequestSender.InitializeCommunication : Initialize communication. 
TpTrace Information: 0 : 17280, 5, 2023/07/03, 12:53:29.520, 967550009371, vstest.console.dll, Listening on Endpoint : 127.0.0.1:63616
TpTrace Verbose: 0 : 17280, 5, 2023/07/03, 12:53:29.525, 967550059588, vstest.console.dll, DotnetDataCollectionLauncher: Adding  --runtimeconfig "C:\Program Files\dotnet\sdk\7.0.304\datacollector.runtimeconfig.json" in args
TpTrace Verbose: 0 : 17280, 5, 2023/07/03, 12:53:29.525, 967550060769, vstest.console.dll, DotnetDataCollectionLauncher: Adding  --depsfile "C:\Program Files\dotnet\sdk\7.0.304\datacollector.deps.json" in args
TpTrace Verbose: 0 : 17280, 5, 2023/07/03, 12:53:29.525, 967550062454, vstest.console.dll, DotnetDataCollectionLauncher: Full path of dotnet.exe is C:\Program Files\dotnet\dotnet.exe
TpTrace Information: 0 : 17280, 5, 2023/07/03, 12:53:29.531, 967550118340, vstest.console.dll, ProxyDataCollectionManager.Initialize: Launched datacollector processId: 20248 port: 63616
TpTrace Information: 0 : 17280, 5, 2023/07/03, 12:53:29.531, 967550119360, vstest.console.dll, ProxyDataCollectionManager.Initialize: waiting for connection with timeout: 90 seconds
TpTrace Verbose: 0 : 17280, 5, 2023/07/03, 12:53:29.531, 967550119948, vstest.console.dll, DataCollectionRequestSender.WaitForRequestHandlerConnection : Waiting for connection with timeout: 90000
TpTrace Information: 0 : 17280, 7, 2023/07/03, 12:53:29.652, 967551329773, vstest.console.dll, Using the buffer size of 16384 bytes
TpTrace Verbose: 0 : 17280, 5, 2023/07/03, 12:53:29.652, 967551329908, vstest.console.dll, SocketCommunicationManager.WaitForClientConnection took: 120 ms, with 90000 ms timeout, and finished with True.
TpTrace Information: 0 : 17280, 7, 2023/07/03, 12:53:29.652, 967551331208, vstest.console.dll, Accepted Client request and set the flag
TpTrace Verbose: 0 : 17280, 5, 2023/07/03, 12:53:29.652, 967551332489, vstest.console.dll, ProxyDataCollectionManager.InvokeDataCollectionServiceAction: Starting.
TpTrace Information: 0 : 17280, 5, 2023/07/03, 12:53:29.652, 967551333403, vstest.console.dll, ProxyDataCollectionManager.BeforeTestRunStart: Get environment variable and port for datacollector processId: 20248 port: 63616
TpTrace Verbose: 0 : 17280, 5, 2023/07/03, 12:53:29.653, 967551334533, vstest.console.dll, DataCollectionRequestSender.SendBeforeTestRunStartAndGetResult: Send BeforeTestRunStart message with settingsXml <RunSettings><RunConfiguration><ResultsDirectory>C:\Workspace\adventure_works\libs\Nameless.AdventureWorks.Core.UnitTests\bin\Debug\net7.0\fine-code-coverage\coverage-tool-output</ResultsDirectory><TargetPlatform>X64</TargetPlatform><TargetFrameworkVersion>.NETCoreApp,Version=v7.0</TargetFrameworkVersion><DesignMode>False</DesignMode><CollectSourceInformation>False</CollectSourceInformation><TestAdaptersPaths>C:\Program Files\dotnet\sdk\7.0.304\Extensions</TestAdaptersPaths></RunConfiguration><LoggerRunSettings><Loggers><Logger friendlyName="blame" enabled="True" /><Logger friendlyName="Console" uri="logger://microsoft/TestPlatform/ConsoleLogger/v1" assemblyQualifiedName="Microsoft.VisualStudio.TestPlatform.CommandLine.Internal.ConsoleLogger, vstest.console, Version=15.0.0.0, Culture=neutral, PublicKeyToken=b03f5f7f11d50a3a" codeBase="C:\Program Files\dotnet\sdk\7.0.304\vstest.console.dll" enabled="True" /></Loggers></LoggerRunSettings><DataCollectionRunSettings><DataCollectors><DataCollector friendlyName="blame" enabled="True"><Configuration><ResultsDirectory>C:\Workspace\adventure_works\libs\Nameless.AdventureWorks.Core.UnitTests\bin\Debug\net7.0\fine-code-coverage\coverage-tool-output</ResultsDirectory></Configuration></DataCollector></DataCollectors></DataCollectionRunSettings></RunSettings> and sources System.Collections.Generic.List`1[System.String]: 
TpTrace Verbose: 0 : 17280, 5, 2023/07/03, 12:53:29.710, 967551911511, vstest.console.dll, DataCollectionRequestSender.SendBeforeTestRunStartAndGetResult: Received message: (DataCollection.SendMessage) -> {"MessageType":"DataCollection.SendMessage","Payload":{"FriendlyName":null,"Uri":null,"TestCaseId":"00000000-0000-0000-0000-000000000000","Message":"Logging DataCollector Diagnostics in file: C:\\Workspace\\adventure_works\\libs\\Nameless.AdventureWorks.Core.UnitTests\\bin\\Debug\\net7.0\\fine-code-coverage\\coverage-tool-output\\diagnostics.datacollector.23-07-03_12-53-29_52538_5.log","Level":0}}
TpTrace Verbose: 0 : 17280, 5, 2023/07/03, 12:53:29.772, 967552528015, vstest.console.dll, DataCollectionRequestSender.SendBeforeTestRunStartAndGetResult: Received message: (DataCollection.BeforeTestRunStartResult) -> {"MessageType":"DataCollection.BeforeTestRunStartResult","Payload":{"EnvironmentVariables":{},"DataCollectionEventsPort":63618}}
TpTrace Information: 0 : 17280, 5, 2023/07/03, 12:53:29.776, 967552570131, vstest.console.dll, ProxyDataCollectionManager.BeforeTestRunStart: SendBeforeTestRunStartAndGetResult successful, env variable from datacollector:   and testhost port: 63618
TpTrace Information: 0 : 17280, 5, 2023/07/03, 12:53:29.776, 967552570840, vstest.console.dll, ProxyDataCollectionManager.InvokeDataCollectionServiceAction: Completed.
TpTrace Verbose: 0 : 17280, 5, 2023/07/03, 12:53:29.776, 967552571562, vstest.console.dll, ProxyExecutionManager: Test host is always Lazy initialize.
TpTrace Verbose: 0 : 17280, 5, 2023/07/03, 12:53:29.776, 967552573362, vstest.console.dll, TestRequestSender.InitializeCommunication: initialize communication. 
TpTrace Information: 0 : 17280, 5, 2023/07/03, 12:53:29.777, 967552577495, vstest.console.dll, SocketServer.Start: Listening on endpoint : 127.0.0.1:63619
TpTrace Verbose: 0 : 17280, 5, 2023/07/03, 12:53:29.778, 967552584516, vstest.console.dll, DotnetTestHostmanager.GetTestHostProcessStartInfo: Platform environment 'X64' target architecture 'X64' framework '.NETCoreApp,Version=v7.0' OS 'Windows'
TpTrace Verbose: 0 : 17280, 5, 2023/07/03, 12:53:29.778, 967552586285, vstest.console.dll, DotnetTestHostmanager: Adding  --runtimeconfig "C:\Workspace\adventure_works\libs\Nameless.AdventureWorks.Core.UnitTests\bin\Debug\net7.0\fine-code-coverage\build-output\Nameless.AdventureWorks.Core.UnitTests.runtimeconfig.json" in args
TpTrace Verbose: 0 : 17280, 5, 2023/07/03, 12:53:29.778, 967552587065, vstest.console.dll, DotnetTestHostmanager: Adding  --depsfile "C:\Workspace\adventure_works\libs\Nameless.AdventureWorks.Core.UnitTests\bin\Debug\net7.0\fine-code-coverage\build-output\Nameless.AdventureWorks.Core.UnitTests.deps.json" in args
TpTrace Verbose: 0 : 17280, 5, 2023/07/03, 12:53:29.778, 967552588977, vstest.console.dll, DotnetTestHostmanager.IsWinOnArm: Current PROCESSOR_ARCHITECTURE from environment variable 'AMD64'
TpTrace Verbose: 0 : 17280, 5, 2023/07/03, 12:53:29.778, 967552589459, vstest.console.dll, DotnetTestHostmanager.IsWinOnArm: Is Windows on ARM 'False'
TpTrace Verbose: 0 : 17280, 5, 2023/07/03, 12:53:29.778, 967552590319, vstest.console.dll, DotnetTestHostManager: testhost.exe found at path: C:\Workspace\adventure_works\libs\Nameless.AdventureWorks.Core.UnitTests\bin\Debug\net7.0\fine-code-coverage\build-output\testhost.exe
TpTrace Verbose: 0 : 17280, 5, 2023/07/03, 12:53:29.778, 967552590776, vstest.console.dll, DotnetTestHostmanager: Full path of host exe is C:\Workspace\adventure_works\libs\Nameless.AdventureWorks.Core.UnitTests\bin\Debug\net7.0\fine-code-coverage\build-output\testhost.exe
TpTrace Verbose: 0 : 17280, 5, 2023/07/03, 12:53:29.778, 967552591744, vstest.console.dll, DotnetTestHostmanager.LaunchTestHostAsync: Found 'VSTEST_WINAPPHOST_DOTNET_ROOT' in env variables, value 'C:\Program Files\dotnet', forwarding to 'DOTNET_ROOT'
TpTrace Verbose: 0 : 17280, 5, 2023/07/03, 12:53:29.778, 967552593033, vstest.console.dll, DotnetTestHostManager: Starting process 'C:\Workspace\adventure_works\libs\Nameless.AdventureWorks.Core.UnitTests\bin\Debug\net7.0\fine-code-coverage\build-output\testhost.exe' with command line ' --runtimeconfig "C:\Workspace\adventure_works\libs\Nameless.AdventureWorks.Core.UnitTests\bin\Debug\net7.0\fine-code-coverage\build-output\Nameless.AdventureWorks.Core.UnitTests.runtimeconfig.json" --depsfile "C:\Workspace\adventure_works\libs\Nameless.AdventureWorks.Core.UnitTests\bin\Debug\net7.0\fine-code-coverage\build-output\Nameless.AdventureWorks.Core.UnitTests.deps.json" --port 63619 --endpoint 127.0.0.1:063619 --role client --parentprocessid 17280 --diag "C:\Workspace\adventure_works\libs\Nameless.AdventureWorks.Core.UnitTests\bin\Debug\net7.0\fine-code-coverage\coverage-tool-output\diagnostics.host.23-07-03_12-53-29_77769_5.log" --tracelevel 4 --datacollectionport 63618 --telemetryoptedin false'
TpTrace Verbose: 0 : 17280, 5, 2023/07/03, 12:53:29.784, 967552653110, vstest.console.dll, MulticastDelegateUtilities.SafeInvoke: HostProviderEvents.OnHostLaunched: Invoking callback 1/2 for Microsoft.VisualStudio.TestPlatform.CrossPlatEngine.Client.ProxyExecutionManagerWithDataCollection., took 1 ms.
TpTrace Verbose: 0 : 17280, 5, 2023/07/03, 12:53:29.785, 967552655257, vstest.console.dll, Test Runtime launched
TpTrace Verbose: 0 : 17280, 5, 2023/07/03, 12:53:29.785, 967552655934, vstest.console.dll, MulticastDelegateUtilities.SafeInvoke: HostProviderEvents.OnHostLaunched: Invoking callback 2/2 for Microsoft.VisualStudio.TestPlatform.CrossPlatEngine.Client.ProxyOperationManager., took 0 ms.
TpTrace Verbose: 0 : 17280, 5, 2023/07/03, 12:53:29.785, 967552657071, vstest.console.dll, TestRequestSender.WaitForRequestHandlerConnection: waiting for connection with timeout: 90000.
TpTrace Verbose: 0 : 17280, 7, 2023/07/03, 12:53:29.906, 967553870517, vstest.console.dll, MulticastDelegateUtilities.SafeInvoke: SocketServer: ClientConnected: Invoking callback 1/1 for Microsoft.VisualStudio.TestPlatform.CommunicationUtilities.TestRequestSender., took 0 ms.
TpTrace Verbose: 0 : 17280, 7, 2023/07/03, 12:53:29.906, 967553871469, vstest.console.dll, SocketServer.OnClientConnected: Client connected for endPoint: 127.0.0.1:63619, starting MessageLoopAsync:
TpTrace Verbose: 0 : 17280, 5, 2023/07/03, 12:53:29.906, 967553870517, vstest.console.dll, TestRequestSender.WaitForRequestHandlerConnection: waiting took 121 ms, with timeout 90000 ms, and result 0, which is success.
TpTrace Verbose: 0 : 17280, 7, 2023/07/03, 12:53:29.906, 967553873005, vstest.console.dll, TcpClientExtensions.MessageLoopAsync: Polling on remoteEndPoint: 127.0.0.1:63620 localEndPoint: 127.0.0.1:63619
TpTrace Verbose: 0 : 17280, 5, 2023/07/03, 12:53:29.907, 967553879149, vstest.console.dll, TestRequestSender.CheckVersionWithTestHost: Sending check version message: {"MessageType":"ProtocolVersion","Payload":7}
TpTrace Verbose: 0 : 17280, 7, 2023/07/03, 12:53:30.003, 967554842147, vstest.console.dll, TcpClientExtensions.MessageLoopAsync: NotifyDataAvailable remoteEndPoint: 127.0.0.1:63620 localEndPoint: 127.0.0.1:63619
TpTrace Verbose: 0 : 17280, 7, 2023/07/03, 12:53:30.004, 967554844317, vstest.console.dll, TestRequestSender.CheckVersionWithTestHost: onMessageReceived received message: (ProtocolVersion) -> {"MessageType":"ProtocolVersion","Payload":7}
TpTrace Verbose: 0 : 17280, 7, 2023/07/03, 12:53:30.004, 967554849781, vstest.console.dll, MulticastDelegateUtilities.SafeInvoke: LengthPrefixCommunicationChannel: MessageReceived: Invoking callback 1/1 for Microsoft.VisualStudio.TestPlatform.CommunicationUtilities.TestRequestSender+<>c__DisplayClass29_0., took 0 ms.
TpTrace Verbose: 0 : 17280, 5, 2023/07/03, 12:53:30.004, 967554850414, vstest.console.dll, TestPluginCache.GetExtensionPaths: Filtered extension paths: 
TpTrace Verbose: 0 : 17280, 7, 2023/07/03, 12:53:30.004, 967554850497, vstest.console.dll, TcpClientExtensions.MessageLoopAsync: Polling on remoteEndPoint: 127.0.0.1:63620 localEndPoint: 127.0.0.1:63619
TpTrace Verbose: 0 : 17280, 5, 2023/07/03, 12:53:30.004, 967554850977, vstest.console.dll, TestPluginCache.GetExtensionPaths: Added default extension paths: C:\Program Files\dotnet\sdk\7.0.304\Extensions\Microsoft.Diagnostics.NETCore.Client.dll
C:\Program Files\dotnet\sdk\7.0.304\Extensions\Microsoft.TestPlatform.Extensions.BlameDataCollector.dll
C:\Program Files\dotnet\sdk\7.0.304\Extensions\Microsoft.TestPlatform.Extensions.EventLogCollector.dll
C:\Program Files\dotnet\sdk\7.0.304\Extensions\Microsoft.TestPlatform.TestHostRuntimeProvider.dll
C:\Program Files\dotnet\sdk\7.0.304\Extensions\Microsoft.VisualStudio.TestPlatform.Extensions.Html.TestLogger.dll
C:\Program Files\dotnet\sdk\7.0.304\Extensions\Microsoft.VisualStudio.TestPlatform.Extensions.Trx.TestLogger.dll
TpTrace Verbose: 0 : 17280, 5, 2023/07/03, 12:53:30.004, 967554851700, vstest.console.dll, TestPluginCache.GetExtensionPaths: Added unfilterableExtensionPaths: 
TpTrace Verbose: 0 : 17280, 5, 2023/07/03, 12:53:30.007, 967554882362, vstest.console.dll, TestRequestSender.InitializeExecution: Sending initialize execution with message: {"Version":7,"MessageType":"TestExecution.Initialize","Payload":["C:\\Workspace\\adventure_works\\libs\\Nameless.AdventureWorks.Core.UnitTests\\bin\\Debug\\net7.0\\fine-code-coverage\\build-output\\NUnit3.TestAdapter.dll"]}
TpTrace Verbose: 0 : 17280, 5, 2023/07/03, 12:53:30.008, 967554884378, vstest.console.dll, ParallelProxyExecutionManager: Execution started. Started clients: 1
TpTrace Verbose: 0 : 17280, 5, 2023/07/03, 12:53:30.008, 967554886903, vstest.console.dll, TestRunRequest:SendTestRunMessage: Starting.
TpTrace Verbose: 0 : 17280, 5, 2023/07/03, 12:53:30.008, 967554888187, vstest.console.dll, MulticastDelegateUtilities.SafeInvoke: TestRun.LogMessages: Invoking callback 1/1 for Microsoft.VisualStudio.TestPlatform.CommandLine.TestRunResultAggregator., took 0 ms.
TpTrace Information: 0 : 17280, 5, 2023/07/03, 12:53:30.008, 967554888500, vstest.console.dll, TestRunRequest:SendTestRunMessage: Completed.
TpTrace Verbose: 0 : 17280, 4, 2023/07/03, 12:53:30.008, 967554890373, vstest.console.dll, MulticastDelegateUtilities.SafeInvoke: InternalTestLoggerEvents.SendTestRunMessage: Invoking callback 1/1 for Microsoft.VisualStudio.TestPlatform.CommandLine.Internal.ConsoleLogger., took 0 ms.
TpTrace Warning: 0 : 17280, 5, 2023/07/03, 12:53:30.008, 967554893752, vstest.console.dll, InferRunSettingsHelper.MakeRunsettingsCompatible: Removing the following settings: TargetPlatform from RunSettings file. To use those settings please move to latest version of Microsoft.NET.Test.Sdk
TpTrace Verbose: 0 : 17280, 7, 2023/07/03, 12:53:30.010, 967554903900, vstest.console.dll, TcpClientExtensions.MessageLoopAsync: NotifyDataAvailable remoteEndPoint: 127.0.0.1:63620 localEndPoint: 127.0.0.1:63619
TpTrace Verbose: 0 : 17280, 7, 2023/07/03, 12:53:30.010, 967554906067, vstest.console.dll, TestRequestSender.OnExecutionMessageReceived: Received message: {"Version":7,"MessageType":"TestSession.Message","Payload":{"MessageLevel":0,"Message":"Logging TestHost Diagnostics in file: C:\\Workspace\\adventure_works\\libs\\Nameless.AdventureWorks.Core.UnitTests\\bin\\Debug\\net7.0\\fine-code-coverage\\coverage-tool-output\\diagnostics.host.23-07-03_12-53-29_77769_5.log"}}
TpTrace Verbose: 0 : 17280, 7, 2023/07/03, 12:53:30.012, 967554925363, vstest.console.dll, TestRunRequest:SendTestRunMessage: Starting.
TpTrace Verbose: 0 : 17280, 7, 2023/07/03, 12:53:30.012, 967554926402, vstest.console.dll, MulticastDelegateUtilities.SafeInvoke: TestRun.LogMessages: Invoking callback 1/1 for Microsoft.VisualStudio.TestPlatform.CommandLine.TestRunResultAggregator., took 0 ms.
TpTrace Verbose: 0 : 17280, 4, 2023/07/03, 12:53:30.012, 967554926570, vstest.console.dll, MulticastDelegateUtilities.SafeInvoke: InternalTestLoggerEvents.SendTestRunMessage: Invoking callback 1/1 for Microsoft.VisualStudio.TestPlatform.CommandLine.Internal.ConsoleLogger., took 0 ms.
TpTrace Information: 0 : 17280, 7, 2023/07/03, 12:53:30.012, 967554926699, vstest.console.dll, TestRunRequest:SendTestRunMessage: Completed.
TpTrace Verbose: 0 : 17280, 7, 2023/07/03, 12:53:30.012, 967554927689, vstest.console.dll, MulticastDelegateUtilities.SafeInvoke: LengthPrefixCommunicationChannel: MessageReceived: Invoking callback 1/1 for Microsoft.VisualStudio.TestPlatform.CommunicationUtilities.TestRequestSender+<>c__DisplayClass34_0., took 2 ms.
TpTrace Verbose: 0 : 17280, 7, 2023/07/03, 12:53:30.012, 967554927978, vstest.console.dll, TcpClientExtensions.MessageLoopAsync: Polling on remoteEndPoint: 127.0.0.1:63620 localEndPoint: 127.0.0.1:63619
TpTrace Verbose: 0 : 17280, 5, 2023/07/03, 12:53:30.014, 967554950080, vstest.console.dll, TestRequestSender.StartTestRun: Sending test run with message: {"Version":7,"MessageType":"TestExecution.StartWithSources","Payload":{"AdapterSourceMap":{"_none_":["C:\\Workspace\\adventure_works\\libs\\Nameless.AdventureWorks.Core.UnitTests\\bin\\Debug\\net7.0\\fine-code-coverage\\build-output\\Nameless.AdventureWorks.Core.UnitTests.dll"]},"RunSettings":"<RunSettings>\r\n  <RunConfiguration>\r\n    <ResultsDirectory>C:\\Workspace\\adventure_works\\libs\\Nameless.AdventureWorks.Core.UnitTests\\bin\\Debug\\net7.0\\fine-code-coverage\\coverage-tool-output</ResultsDirectory>\r\n    <TargetFrameworkVersion>.NETCoreApp,Version=v7.0</TargetFrameworkVersion>\r\n    <DesignMode>False</DesignMode>\r\n    <CollectSourceInformation>False</CollectSourceInformation>\r\n  </RunConfiguration>\r\n  <LoggerRunSettings>\r\n    <Loggers>\r\n      <Logger friendlyName=\"blame\" enabled=\"True\" />\r\n      <Logger friendlyName=\"Console\" uri=\"logger://microsoft/TestPlatform/ConsoleLogger/v1\" assemblyQualifiedName=\"Microsoft.VisualStudio.TestPlatform.CommandLine.Internal.ConsoleLogger, vstest.console, Version=15.0.0.0, Culture=neutral, PublicKeyToken=b03f5f7f11d50a3a\" codeBase=\"C:\\Program Files\\dotnet\\sdk\\7.0.304\\vstest.console.dll\" enabled=\"True\" />\r\n    </Loggers>\r\n  </LoggerRunSettings>\r\n  <DataCollectionRunSettings>\r\n    <DataCollectors>\r\n      <DataCollector friendlyName=\"blame\" enabled=\"True\">\r\n        <Configuration>\r\n          <ResultsDirectory>C:\\Workspace\\adventure_works\\libs\\Nameless.AdventureWorks.Core.UnitTests\\bin\\Debug\\net7.0\\fine-code-coverage\\coverage-tool-output</ResultsDirectory>\r\n        </Configuration>\r\n      </DataCollector>\r\n    </DataCollectors>\r\n  </DataCollectionRunSettings>\r\n</RunSettings>","TestExecutionContext":{"FrequencyOfRunStatsChangeEvent":10,"RunStatsChangeEventTimeout":"00:00:01.5000000","InIsolation":false,"KeepAlive":false,"AreTestCaseLevelEventsRequired":false,"IsDebug":false,"TestCaseFilter":null,"FilterOptions":null},"Package":null}}
TpTrace Verbose: 0 : 17280, 7, 2023/07/03, 12:53:30.125, 967556058663, vstest.console.dll, TcpClientExtensions.MessageLoopAsync: NotifyDataAvailable remoteEndPoint: 127.0.0.1:63620 localEndPoint: 127.0.0.1:63619
TpTrace Verbose: 0 : 17280, 7, 2023/07/03, 12:53:30.125, 967556060114, vstest.console.dll, TestRequestSender.OnExecutionMessageReceived: Received message: {"Version":7,"MessageType":"TestSession.Message","Payload":{"MessageLevel":0,"Message":"NUnit Adapter 4.4.0.0: Test execution started"}}
TpTrace Verbose: 0 : 17280, 7, 2023/07/03, 12:53:30.125, 967556062690, vstest.console.dll, TestRunRequest:SendTestRunMessage: Starting.
TpTrace Verbose: 0 : 17280, 7, 2023/07/03, 12:53:30.125, 967556063352, vstest.console.dll, MulticastDelegateUtilities.SafeInvoke: TestRun.LogMessages: Invoking callback 1/1 for Microsoft.VisualStudio.TestPlatform.CommandLine.TestRunResultAggregator., took 0 ms.
TpTrace Verbose: 0 : 17280, 4, 2023/07/03, 12:53:30.125, 967556063756, vstest.console.dll, MulticastDelegateUtilities.SafeInvoke: InternalTestLoggerEvents.SendTestRunMessage: Invoking callback 1/1 for Microsoft.VisualStudio.TestPlatform.CommandLine.Internal.ConsoleLogger., took 0 ms.
TpTrace Information: 0 : 17280, 7, 2023/07/03, 12:53:30.126, 967556063938, vstest.console.dll, TestRunRequest:SendTestRunMessage: Completed.
TpTrace Verbose: 0 : 17280, 7, 2023/07/03, 12:53:30.126, 967556065142, vstest.console.dll, MulticastDelegateUtilities.SafeInvoke: LengthPrefixCommunicationChannel: MessageReceived: Invoking callback 1/1 for Microsoft.VisualStudio.TestPlatform.CommunicationUtilities.TestRequestSender+<>c__DisplayClass34_0., took 0 ms.
TpTrace Verbose: 0 : 17280, 7, 2023/07/03, 12:53:30.126, 967556065421, vstest.console.dll, TcpClientExtensions.MessageLoopAsync: Polling on remoteEndPoint: 127.0.0.1:63620 localEndPoint: 127.0.0.1:63619
TpTrace Verbose: 0 : 17280, 7, 2023/07/03, 12:53:30.145, 967556261065, vstest.console.dll, TcpClientExtensions.MessageLoopAsync: NotifyDataAvailable remoteEndPoint: 127.0.0.1:63620 localEndPoint: 127.0.0.1:63619
TpTrace Verbose: 0 : 17280, 7, 2023/07/03, 12:53:30.145, 967556262290, vstest.console.dll, TestRequestSender.OnExecutionMessageReceived: Received message: {"Version":7,"MessageType":"TestSession.Message","Payload":{"MessageLevel":0,"Message":"Running all tests in C:\\Workspace\\adventure_works\\libs\\Nameless.AdventureWorks.Core.UnitTests\\bin\\Debug\\net7.0\\fine-code-coverage\\build-output\\Nameless.AdventureWorks.Core.UnitTests.dll"}}
TpTrace Verbose: 0 : 17280, 7, 2023/07/03, 12:53:30.146, 967556264013, vstest.console.dll, TestRunRequest:SendTestRunMessage: Starting.
TpTrace Verbose: 0 : 17280, 7, 2023/07/03, 12:53:30.146, 967556265059, vstest.console.dll, MulticastDelegateUtilities.SafeInvoke: TestRun.LogMessages: Invoking callback 1/1 for Microsoft.VisualStudio.TestPlatform.CommandLine.TestRunResultAggregator., took 0 ms.
TpTrace Verbose: 0 : 17280, 4, 2023/07/03, 12:53:30.146, 967556265449, vstest.console.dll, MulticastDelegateUtilities.SafeInvoke: InternalTestLoggerEvents.SendTestRunMessage: Invoking callback 1/1 for Microsoft.VisualStudio.TestPlatform.CommandLine.Internal.ConsoleLogger., took 0 ms.
TpTrace Information: 0 : 17280, 7, 2023/07/03, 12:53:30.146, 967556266109, vstest.console.dll, TestRunRequest:SendTestRunMessage: Completed.
TpTrace Verbose: 0 : 17280, 7, 2023/07/03, 12:53:30.146, 967556267245, vstest.console.dll, MulticastDelegateUtilities.SafeInvoke: LengthPrefixCommunicationChannel: MessageReceived: Invoking callback 1/1 for Microsoft.VisualStudio.TestPlatform.CommunicationUtilities.TestRequestSender+<>c__DisplayClass34_0., took 0 ms.
TpTrace Verbose: 0 : 17280, 7, 2023/07/03, 12:53:30.146, 967556267676, vstest.console.dll, TcpClientExtensions.MessageLoopAsync: Polling on remoteEndPoint: 127.0.0.1:63620 localEndPoint: 127.0.0.1:63619
TpTrace Verbose: 0 : 17280, 7, 2023/07/03, 12:53:30.241, 967557216696, vstest.console.dll, TcpClientExtensions.MessageLoopAsync: NotifyDataAvailable remoteEndPoint: 127.0.0.1:63620 localEndPoint: 127.0.0.1:63619
TpTrace Verbose: 0 : 17280, 7, 2023/07/03, 12:53:30.241, 967557218276, vstest.console.dll, TestRequestSender.OnExecutionMessageReceived: Received message: {"Version":7,"MessageType":"TestSession.Message","Payload":{"MessageLevel":0,"Message":"   NUnit3TestExecutor discovered 12 of 12 NUnit test cases using Current Discovery mode, Non-Explicit run"}}
TpTrace Verbose: 0 : 17280, 7, 2023/07/03, 12:53:30.241, 967557219523, vstest.console.dll, TestRunRequest:SendTestRunMessage: Starting.
TpTrace Verbose: 0 : 17280, 7, 2023/07/03, 12:53:30.241, 967557220111, vstest.console.dll, MulticastDelegateUtilities.SafeInvoke: TestRun.LogMessages: Invoking callback 1/1 for Microsoft.VisualStudio.TestPlatform.CommandLine.TestRunResultAggregator., took 0 ms.
TpTrace Information: 0 : 17280, 7, 2023/07/03, 12:53:30.241, 967557220369, vstest.console.dll, TestRunRequest:SendTestRunMessage: Completed.
TpTrace Verbose: 0 : 17280, 4, 2023/07/03, 12:53:30.241, 967557220502, vstest.console.dll, MulticastDelegateUtilities.SafeInvoke: InternalTestLoggerEvents.SendTestRunMessage: Invoking callback 1/1 for Microsoft.VisualStudio.TestPlatform.CommandLine.Internal.ConsoleLogger., took 0 ms.
TpTrace Verbose: 0 : 17280, 7, 2023/07/03, 12:53:30.241, 967557220614, vstest.console.dll, MulticastDelegateUtilities.SafeInvoke: LengthPrefixCommunicationChannel: MessageReceived: Invoking callback 1/1 for Microsoft.VisualStudio.TestPlatform.CommunicationUtilities.TestRequestSender+<>c__DisplayClass34_0., took 0 ms.
TpTrace Verbose: 0 : 17280, 7, 2023/07/03, 12:53:30.241, 967557221657, vstest.console.dll, TcpClientExtensions.MessageLoopAsync: Polling on remoteEndPoint: 127.0.0.1:63620 localEndPoint: 127.0.0.1:63619
TpTrace Verbose: 0 : 17280, 7, 2023/07/03, 12:53:30.356, 967558368794, vstest.console.dll, TcpClientExtensions.MessageLoopAsync: NotifyDataAvailable remoteEndPoint: 127.0.0.1:63620 localEndPoint: 127.0.0.1:63619
TpTrace Verbose: 0 : 17280, 7, 2023/07/03, 12:53:30.356, 967558371617, vstest.console.dll, TestRequestSender.OnExecutionMessageReceived: Received message: {"Version":7,"MessageType":"TestExecution.StatsChange","Payload":{"NewTestResults":[{"TestCase":{"Id":"36f92bcc-bf20-2d01-19cf-c318e3593eb4","FullyQualifiedName":"Nameless.AdventureWorks.StringExtensionTests.IsTrueString_Returns_Valid_Output_For_Inputs(\"true\",True)","DisplayName":"IsTrueString_Returns_Valid_Output_For_Inputs(\"true\",True)","ExecutorUri":"executor://NUnit3TestExecutor","Source":"C:\\Workspace\\adventure_works\\libs\\Nameless.AdventureWorks.Core.UnitTests\\bin\\Debug\\net7.0\\fine-code-coverage\\build-output\\Nameless.AdventureWorks.Core.UnitTests.dll","CodeFilePath":null,"LineNumber":0,"Properties":[{"Key":{"Id":"NUnit.Seed","Label":"Seed","Category":"","Description":"","Attributes":0,"ValueType":"System.String"},"Value":"560984648"}]},"Attachments":[],"Outcome":1,"ErrorMessage":null,"ErrorStackTrace":null,"DisplayName":"IsTrueString_Returns_Valid_Output_For_Inputs(\"true\",True)","Messages":[],"ComputerName":"DELL-G15-MARCO","Duration":"00:00:00.0126410","StartTime":"2023-07-03T15:53:30.2640652+00:00","EndTime":"2023-07-03T15:53:30.2766388+00:00","Properties":[{"Key":{"Id":"NUnit.Seed","Label":"Seed","Category":"","Description":"","Attributes":0,"ValueType":"System.String"},"Value":"560984648"}]},{"TestCase":{"Id":"4aa3982a-50c6-9fa9-9492-0cce76fc9435","FullyQualifiedName":"Nameless.AdventureWorks.StringExtensionTests.IsTrueString_Returns_Valid_Output_For_Inputs(\"True\",True)","DisplayName":"IsTrueString_Returns_Valid_Output_For_Inputs(\"True\",True)","ExecutorUri":"executor://NUnit3TestExecutor","Source":"C:\\Workspace\\adventure_works\\libs\\Nameless.AdventureWorks.Core.UnitTests\\bin\\Debug\\net7.0\\fine-code-coverage\\build-output\\Nameless.AdventureWorks.Core.UnitTests.dll","CodeFilePath":null,"LineNumber":0,"Properties":[{"Key":{"Id":"NUnit.Seed","Label":"Seed","Category":"","Description":"","Attributes":0,"ValueType":"System.String"},"Value":"1259617939"}]},"Attachments":[],"Outcome":1,"ErrorMessage":null,"ErrorStackTrace":null,"DisplayName":"IsTrueString_Returns_Valid_Output_For_Inputs(\"True\",True)","Messages":[],"ComputerName":"DELL-G15-MARCO","Duration":"00:00:00.0005820","StartTime":"2023-07-03T15:53:30.2788094+00:00","EndTime":"2023-07-03T15:53:30.2793913+00:00","Properties":[{"Key":{"Id":"NUnit.Seed","Label":"Seed","Category":"","Description":"","Attributes":0,"ValueType":"System.String"},"Value":"1259617939"}]},{"TestCase":{"Id":"1a08a684-3ece-0e29-2639-7bbd921f3e67","FullyQualifiedName":"Nameless.AdventureWorks.StringExtensionTests.IsTrueString_Returns_Valid_Output_For_Inputs(\"TRUE\",True)","DisplayName":"IsTrueString_Returns_Valid_Output_For_Inputs(\"TRUE\",True)","ExecutorUri":"executor://NUnit3TestExecutor","Source":"C:\\Workspace\\adventure_works\\libs\\Nameless.AdventureWorks.Core.UnitTests\\bin\\Debug\\net7.0\\fine-code-coverage\\build-output\\Nameless.AdventureWorks.Core.UnitTests.dll","CodeFilePath":null,"LineNumber":0,"Properties":[{"Key":{"Id":"NUnit.Seed","Label":"Seed","Category":"","Description":"","Attributes":0,"ValueType":"System.String"},"Value":"1942310944"}]},"Attachments":[],"Outcome":1,"ErrorMessage":null,"ErrorStackTrace":null,"DisplayName":"IsTrueString_Returns_Valid_Output_For_Inputs(\"TRUE\",True)","Messages":[],"ComputerName":"DELL-G15-MARCO","Duration":"00:00:00.0000390","StartTime":"2023-07-03T15:53:30.2794389+00:00","EndTime":"2023-07-03T15:53:30.2794778+00:00","Properties":[{"Key":{"Id":"NUnit.Seed","Label":"Seed","Category":"","Description":"","Attributes":0,"ValueType":"System.String"},"Value":"1942310944"}]},{"TestCase":{"Id":"b3319af2-9fba-6f7e-2bb7-dd68009cd22e","FullyQualifiedName":"Nameless.AdventureWorks.StringExtensionTests.IsTrueString_Returns_Valid_Output_For_Inputs(\"false\",False)","DisplayName":"IsTrueString_Returns_Valid_Output_For_Inputs(\"false\",False)","ExecutorUri":"executor://NUnit3TestExecutor","Source":"C:\\Workspace\\adventure_works\\libs\\Nameless.AdventureWorks.Core.UnitTests\\bin\\Debug\\net7.0\\fine-code-coverage\\build-output\\Nameless.AdventureWorks.Core.UnitTests.dll","CodeFilePath":null,"LineNumber":0,"Properties":[{"Key":{"Id":"NUnit.Seed","Label":"Seed","Category":"","Description":"","Attributes":0,"ValueType":"System.String"},"Value":"536209626"}]},"Attachments":[],"Outcome":1,"ErrorMessage":null,"ErrorStackTrace":null,"DisplayName":"IsTrueString_Returns_Valid_Output_For_Inputs(\"false\",False)","Messages":[],"ComputerName":"DELL-G15-MARCO","Duration":"00:00:00.0000130","StartTime":"2023-07-03T15:53:30.2794841+00:00","EndTime":"2023-07-03T15:53:30.2794967+00:00","Properties":[{"Key":{"Id":"NUnit.Seed","Label":"Seed","Category":"","Description":"","Attributes":0,"ValueType":"System.String"},"Value":"536209626"}]},{"TestCase":{"Id":"b24b9044-6528-56e9-10fa-c45ea7fc0101","FullyQualifiedName":"Nameless.AdventureWorks.StringExtensionTests.IsTrueString_Returns_Valid_Output_For_Inputs(\"False\",False)","DisplayName":"IsTrueString_Returns_Valid_Output_For_Inputs(\"False\",False)","ExecutorUri":"executor://NUnit3TestExecutor","Source":"C:\\Workspace\\adventure_works\\libs\\Nameless.AdventureWorks.Core.UnitTests\\bin\\Debug\\net7.0\\fine-code-coverage\\build-output\\Nameless.AdventureWorks.Core.UnitTests.dll","CodeFilePath":null,"LineNumber":0,"Properties":[{"Key":{"Id":"NUnit.Seed","Label":"Seed","Category":"","Description":"","Attributes":0,"ValueType":"System.String"},"Value":"1862547851"}]},"Attachments":[],"Outcome":1,"ErrorMessage":null,"ErrorStackTrace":null,"DisplayName":"IsTrueString_Returns_Valid_Output_For_Inputs(\"False\",False)","Messages":[],"ComputerName":"DELL-G15-MARCO","Duration":"00:00:00.0000100","StartTime":"2023-07-03T15:53:30.2795015+00:00","EndTime":"2023-07-03T15:53:30.279511+00:00","Properties":[{"Key":{"Id":"NUnit.Seed","Label":"Seed","Category":"","Description":"","Attributes":0,"ValueType":"System.String"},"Value":"1862547851"}]},{"TestCase":{"Id":"f8822805-211d-57ff-7ea5-ee6f75acb4b6","FullyQualifiedName":"Nameless.AdventureWorks.StringExtensionTests.IsTrueString_Returns_Valid_Output_For_Inputs(\"FALSE\",False)","DisplayName":"IsTrueString_Returns_Valid_Output_For_Inputs(\"FALSE\",False)","ExecutorUri":"executor://NUnit3TestExecutor","Source":"C:\\Workspace\\adventure_works\\libs\\Nameless.AdventureWorks.Core.UnitTests\\bin\\Debug\\net7.0\\fine-code-coverage\\build-output\\Nameless.AdventureWorks.Core.UnitTests.dll","CodeFilePath":null,"LineNumber":0,"Properties":[{"Key":{"Id":"NUnit.Seed","Label":"Seed","Category":"","Description":"","Attributes":0,"ValueType":"System.String"},"Value":"713869999"}]},"Attachments":[],"Outcome":1,"ErrorMessage":null,"ErrorStackTrace":null,"DisplayName":"IsTrueString_Returns_Valid_Output_For_Inputs(\"FALSE\",False)","Messages":[],"ComputerName":"DELL-G15-MARCO","Duration":"00:00:00.0000210","StartTime":"2023-07-03T15:53:30.2795153+00:00","EndTime":"2023-07-03T15:53:30.279536+00:00","Properties":[{"Key":{"Id":"NUnit.Seed","Label":"Seed","Category":"","Description":"","Attributes":0,"ValueType":"System.String"},"Value":"713869999"}]},{"TestCase":{"Id":"e33d5883-6bf7-146f-80d5-6ed9ec905fd5","FullyQualifiedName":"Nameless.AdventureWorks.StringExtensionTests.IsTrueString_Returns_Valid_Output_For_Inputs(\"\",False)","DisplayName":"IsTrueString_Returns_Valid_Output_For_Inputs(\"\",False)","ExecutorUri":"executor://NUnit3TestExecutor","Source":"C:\\Workspace\\adventure_works\\libs\\Nameless.AdventureWorks.Core.UnitTests\\bin\\Debug\\net7.0\\fine-code-coverage\\build-output\\Nameless.AdventureWorks.Core.UnitTests.dll","CodeFilePath":null,"LineNumber":0,"Properties":[{"Key":{"Id":"NUnit.Seed","Label":"Seed","Category":"","Description":"","Attributes":0,"ValueType":"System.String"},"Value":"1430065422"}]},"Attachments":[],"Outcome":1,"ErrorMessage":null,"ErrorStackTrace":null,"DisplayName":"IsTrueString_Returns_Valid_Output_For_Inputs(\"\",False)","Messages":[],"ComputerName":"DELL-G15-MARCO","Duration":"00:00:00.0000090","StartTime":"2023-07-03T15:53:30.2795411+00:00","EndTime":"2023-07-03T15:53:30.2795505+00:00","Properties":[{"Key":{"Id":"NUnit.Seed","Label":"Seed","Category":"","Description":"","Attributes":0,"ValueType":"System.String"},"Value":"1430065422"}]},{"TestCase":{"Id":"07872313-0dbd-aa14-7447-c19e50ee388e","FullyQualifiedName":"Nameless.AdventureWorks.StringExtensionTests.IsTrueString_Returns_Valid_Output_For_Inputs(\"0\",False)","DisplayName":"IsTrueString_Returns_Valid_Output_For_Inputs(\"0\",False)","ExecutorUri":"executor://NUnit3TestExecutor","Source":"C:\\Workspace\\adventure_works\\libs\\Nameless.AdventureWorks.Core.UnitTests\\bin\\Debug\\net7.0\\fine-code-coverage\\build-output\\Nameless.AdventureWorks.Core.UnitTests.dll","CodeFilePath":null,"LineNumber":0,"Properties":[{"Key":{"Id":"NUnit.Seed","Label":"Seed","Category":"","Description":"","Attributes":0,"ValueType":"System.String"},"Value":"233227964"}]},"Attachments":[],"Outcome":1,"ErrorMessage":null,"ErrorStackTrace":null,"DisplayName":"IsTrueString_Returns_Valid_Output_For_Inputs(\"0\",False)","Messages":[],"ComputerName":"DELL-G15-MARCO","Duration":"00:00:00.0000160","StartTime":"2023-07-03T15:53:30.279555+00:00","EndTime":"2023-07-03T15:53:30.279571+00:00","Properties":[{"Key":{"Id":"NUnit.Seed","Label":"Seed","Category":"","Description":"","Attributes":0,"ValueType":"System.String"},"Value":"233227964"}]},{"TestCase":{"Id":"f4003fd1-d78c-db71-4593-0a2724e9003c","FullyQualifiedName":"Nameless.AdventureWorks.StringExtensionTests.IsTrueString_Returns_Valid_Output_For_Inputs(\"1\",True)","DisplayName":"IsTrueString_Returns_Valid_Output_For_Inputs(\"1\",True)","ExecutorUri":"executor://NUnit3TestExecutor","Source":"C:\\Workspace\\adventure_works\\libs\\Nameless.AdventureWorks.Core.UnitTests\\bin\\Debug\\net7.0\\fine-code-coverage\\build-output\\Nameless.AdventureWorks.Core.UnitTests.dll","CodeFilePath":null,"LineNumber":0,"Properties":[{"Key":{"Id":"NUnit.Seed","Label":"Seed","Category":"","Description":"","Attributes":0,"ValueType":"System.String"},"Value":"967432738"}]},"Attachments":[],"Outcome":1,"ErrorMessage":null,"ErrorStackTrace":null,"DisplayName":"IsTrueString_Returns_Valid_Output_For_Inputs(\"1\",True)","Messages":[],"ComputerName":"DELL-G15-MARCO","Duration":"00:00:00.0001290","StartTime":"2023-07-03T15:53:30.2795758+00:00","EndTime":"2023-07-03T15:53:30.279705+00:00","Properties":[{"Key":{"Id":"NUnit.Seed","Label":"Seed","Category":"","Description":"","Attributes":0,"ValueType":"System.String"},"Value":"967432738"}]}],"TestRunStatistics":{"ExecutedTests":9,"Stats":{"Passed":9}},"ActiveTests":[{"Id":"046e7974-7a35-df36-f25c-43f7c7656d05","FullyQualifiedName":"Nameless.AdventureWorks.StringExtensionTests.IsTrueString_Returns_Valid_Output_For_Inputs(\"100\",True)","DisplayName":"IsTrueString_Returns_Valid_Output_For_Inputs(\"100\",True)","ExecutorUri":"executor://NUnit3TestExecutor","Source":"C:\\Workspace\\adventure_works\\libs\\Nameless.AdventureWorks.Core.UnitTests\\bin\\Debug\\net7.0\\fine-code-coverage\\build-output\\Nameless.AdventureWorks.Core.UnitTests.dll","CodeFilePath":null,"LineNumber":0,"Properties":[{"Key":{"Id":"NUnit.Seed","Label":"Seed","Category":"","Description":"","Attributes":0,"ValueType":"System.String"},"Value":"1767150037"}]}]}}
TpTrace Verbose: 0 : 17280, 7, 2023/07/03, 12:53:30.376, 967558566421, vstest.console.dll, TestRunRequest:SendTestRunStatsChange: Starting.
TpTrace Verbose: 0 : 17280, 7, 2023/07/03, 12:53:30.376, 967558568093, vstest.console.dll, InProgress is IsTrueString_Returns_Valid_Output_For_Inputs("100",True)
TpTrace Verbose: 0 : 17280, 7, 2023/07/03, 12:53:30.376, 967558571015, vstest.console.dll, MulticastDelegateUtilities.SafeInvoke: TestRun.RunStatsChanged: Invoking callbacks was skipped because there are no subscribers.
TpTrace Information: 0 : 17280, 7, 2023/07/03, 12:53:30.376, 967558571418, vstest.console.dll, TestRunRequest:SendTestRunStatsChange: Completed.
TpTrace Verbose: 0 : 17280, 7, 2023/07/03, 12:53:30.376, 967558571792, vstest.console.dll, MulticastDelegateUtilities.SafeInvoke: LengthPrefixCommunicationChannel: MessageReceived: Invoking callback 1/1 for Microsoft.VisualStudio.TestPlatform.CommunicationUtilities.TestRequestSender+<>c__DisplayClass34_0., took 20 ms.
TpTrace Verbose: 0 : 17280, 7, 2023/07/03, 12:53:30.376, 967558572166, vstest.console.dll, TcpClientExtensions.MessageLoopAsync: Polling on remoteEndPoint: 127.0.0.1:63620 localEndPoint: 127.0.0.1:63619
TpTrace Verbose: 0 : 17280, 7, 2023/07/03, 12:53:30.376, 967558572492, vstest.console.dll, TcpClientExtensions.MessageLoopAsync: NotifyDataAvailable remoteEndPoint: 127.0.0.1:63620 localEndPoint: 127.0.0.1:63619
TpTrace Verbose: 0 : 17280, 7, 2023/07/03, 12:53:30.376, 967558573044, vstest.console.dll, TestRequestSender.OnExecutionMessageReceived: Received message: {"Version":7,"MessageType":"TestSession.Message","Payload":{"MessageLevel":0,"Message":"NUnit Adapter 4.4.0.0: Test execution complete"}}
TpTrace Verbose: 0 : 17280, 7, 2023/07/03, 12:53:30.376, 967558573779, vstest.console.dll, TestRunRequest:SendTestRunMessage: Starting.
TpTrace Verbose: 0 : 17280, 7, 2023/07/03, 12:53:30.377, 967558574152, vstest.console.dll, MulticastDelegateUtilities.SafeInvoke: TestRun.LogMessages: Invoking callback 1/1 for Microsoft.VisualStudio.TestPlatform.CommandLine.TestRunResultAggregator., took 0 ms.
TpTrace Information: 0 : 17280, 7, 2023/07/03, 12:53:30.377, 967558574350, vstest.console.dll, TestRunRequest:SendTestRunMessage: Completed.
TpTrace Verbose: 0 : 17280, 7, 2023/07/03, 12:53:30.377, 967558574525, vstest.console.dll, MulticastDelegateUtilities.SafeInvoke: LengthPrefixCommunicationChannel: MessageReceived: Invoking callback 1/1 for Microsoft.VisualStudio.TestPlatform.CommunicationUtilities.TestRequestSender+<>c__DisplayClass34_0., took 0 ms.
TpTrace Verbose: 0 : 17280, 7, 2023/07/03, 12:53:30.377, 967558574747, vstest.console.dll, TcpClientExtensions.MessageLoopAsync: Polling on remoteEndPoint: 127.0.0.1:63620 localEndPoint: 127.0.0.1:63619
TpTrace Verbose: 0 : 17280, 4, 2023/07/03, 12:53:30.378, 967558588901, vstest.console.dll, MulticastDelegateUtilities.SafeInvoke: InternalTestLoggerEvents.SendTestResult: Invoking callback 1/1 for Microsoft.VisualStudio.TestPlatform.CommandLine.Internal.ConsoleLogger., took 1 ms.
TpTrace Verbose: 0 : 17280, 4, 2023/07/03, 12:53:30.378, 967558590928, vstest.console.dll, MulticastDelegateUtilities.SafeInvoke: InternalTestLoggerEvents.SendTestResult: Invoking callback 1/1 for Microsoft.VisualStudio.TestPlatform.CommandLine.Internal.ConsoleLogger., took 0 ms.
TpTrace Verbose: 0 : 17280, 4, 2023/07/03, 12:53:30.378, 967558591567, vstest.console.dll, MulticastDelegateUtilities.SafeInvoke: InternalTestLoggerEvents.SendTestResult: Invoking callback 1/1 for Microsoft.VisualStudio.TestPlatform.CommandLine.Internal.ConsoleLogger., took 0 ms.
TpTrace Verbose: 0 : 17280, 4, 2023/07/03, 12:53:30.378, 967558591929, vstest.console.dll, MulticastDelegateUtilities.SafeInvoke: InternalTestLoggerEvents.SendTestResult: Invoking callback 1/1 for Microsoft.VisualStudio.TestPlatform.CommandLine.Internal.ConsoleLogger., took 0 ms.
TpTrace Verbose: 0 : 17280, 4, 2023/07/03, 12:53:30.378, 967558592243, vstest.console.dll, MulticastDelegateUtilities.SafeInvoke: InternalTestLoggerEvents.SendTestResult: Invoking callback 1/1 for Microsoft.VisualStudio.TestPlatform.CommandLine.Internal.ConsoleLogger., took 0 ms.
TpTrace Verbose: 0 : 17280, 4, 2023/07/03, 12:53:30.378, 967558592664, vstest.console.dll, MulticastDelegateUtilities.SafeInvoke: InternalTestLoggerEvents.SendTestResult: Invoking callback 1/1 for Microsoft.VisualStudio.TestPlatform.CommandLine.Internal.ConsoleLogger., took 0 ms.
TpTrace Verbose: 0 : 17280, 4, 2023/07/03, 12:53:30.378, 967558593006, vstest.console.dll, MulticastDelegateUtilities.SafeInvoke: InternalTestLoggerEvents.SendTestResult: Invoking callback 1/1 for Microsoft.VisualStudio.TestPlatform.CommandLine.Internal.ConsoleLogger., took 0 ms.
TpTrace Verbose: 0 : 17280, 4, 2023/07/03, 12:53:30.378, 967558593410, vstest.console.dll, MulticastDelegateUtilities.SafeInvoke: InternalTestLoggerEvents.SendTestResult: Invoking callback 1/1 for Microsoft.VisualStudio.TestPlatform.CommandLine.Internal.ConsoleLogger., took 0 ms.
TpTrace Verbose: 0 : 17280, 4, 2023/07/03, 12:53:30.379, 967558599565, vstest.console.dll, MulticastDelegateUtilities.SafeInvoke: InternalTestLoggerEvents.SendTestResult: Invoking callback 1/1 for Microsoft.VisualStudio.TestPlatform.CommandLine.Internal.ConsoleLogger., took 0 ms.
TpTrace Verbose: 0 : 17280, 4, 2023/07/03, 12:53:30.379, 967558600095, vstest.console.dll, MulticastDelegateUtilities.SafeInvoke: InternalTestLoggerEvents.SendTestRunMessage: Invoking callback 1/1 for Microsoft.VisualStudio.TestPlatform.CommandLine.Internal.ConsoleLogger., took 0 ms.
TpTrace Verbose: 0 : 17280, 7, 2023/07/03, 12:53:30.385, 967558656801, vstest.console.dll, TcpClientExtensions.MessageLoopAsync: NotifyDataAvailable remoteEndPoint: 127.0.0.1:63620 localEndPoint: 127.0.0.1:63619
TpTrace Verbose: 0 : 17280, 7, 2023/07/03, 12:53:30.385, 967558658888, vstest.console.dll, TestRequestSender.OnExecutionMessageReceived: Received message: {"Version":7,"MessageType":"TestExecution.Completed","Payload":{"TestRunCompleteArgs":{"TestRunStatistics":{"ExecutedTests":12,"Stats":{"Passed":12}},"IsCanceled":false,"IsAborted":false,"Error":null,"AttachmentSets":[],"InvokedDataCollectors":[],"ElapsedTimeInRunningTests":"00:00:00.2682560","Metrics":{},"DiscoveredExtensions":{"TestDiscoverers":["NUnit.VisualStudio.TestAdapter.NUnit3TestDiscoverer, NUnit3.TestAdapter, Version=4.4.0.0, Culture=neutral, PublicKeyToken=4cb40d35494691ac"],"TestExecutors":["executor://NUnit3TestExecutor"],"TestExecutors2":[],"TestSettingsProviders":[]}},"LastRunTests":{"NewTestResults":[{"TestCase":{"Id":"046e7974-7a35-df36-f25c-43f7c7656d05","FullyQualifiedName":"Nameless.AdventureWorks.StringExtensionTests.IsTrueString_Returns_Valid_Output_For_Inputs(\"100\",True)","DisplayName":"IsTrueString_Returns_Valid_Output_For_Inputs(\"100\",True)","ExecutorUri":"executor://NUnit3TestExecutor","Source":"C:\\Workspace\\adventure_works\\libs\\Nameless.AdventureWorks.Core.UnitTests\\bin\\Debug\\net7.0\\fine-code-coverage\\build-output\\Nameless.AdventureWorks.Core.UnitTests.dll","CodeFilePath":null,"LineNumber":0,"Properties":[{"Key":{"Id":"NUnit.Seed","Label":"Seed","Category":"","Description":"","Attributes":0,"ValueType":"System.String"},"Value":"1767150037"}]},"Attachments":[],"Outcome":1,"ErrorMessage":null,"ErrorStackTrace":null,"DisplayName":"IsTrueString_Returns_Valid_Output_For_Inputs(\"100\",True)","Messages":[],"ComputerName":"DELL-G15-MARCO","Duration":"00:00:00.0000180","StartTime":"2023-07-03T15:53:30.2797138+00:00","EndTime":"2023-07-03T15:53:30.2797321+00:00","Properties":[{"Key":{"Id":"NUnit.Seed","Label":"Seed","Category":"","Description":"","Attributes":0,"ValueType":"System.String"},"Value":"1767150037"}]},{"TestCase":{"Id":"cc30b488-e907-3816-1b2c-63347f8a9745","FullyQualifiedName":"Nameless.AdventureWorks.StringExtensionTests.IsTrueString_Returns_Valid_Output_For_Inputs(\"-1\",False)","DisplayName":"IsTrueString_Returns_Valid_Output_For_Inputs(\"-1\",False)","ExecutorUri":"executor://NUnit3TestExecutor","Source":"C:\\Workspace\\adventure_works\\libs\\Nameless.AdventureWorks.Core.UnitTests\\bin\\Debug\\net7.0\\fine-code-coverage\\build-output\\Nameless.AdventureWorks.Core.UnitTests.dll","CodeFilePath":null,"LineNumber":0,"Properties":[{"Key":{"Id":"NUnit.Seed","Label":"Seed","Category":"","Description":"","Attributes":0,"ValueType":"System.String"},"Value":"464947419"}]},"Attachments":[],"Outcome":1,"ErrorMessage":null,"ErrorStackTrace":null,"DisplayName":"IsTrueString_Returns_Valid_Output_For_Inputs(\"-1\",False)","Messages":[],"ComputerName":"DELL-G15-MARCO","Duration":"00:00:00.0000100","StartTime":"2023-07-03T15:53:30.2797368+00:00","EndTime":"2023-07-03T15:53:30.2797465+00:00","Properties":[{"Key":{"Id":"NUnit.Seed","Label":"Seed","Category":"","Description":"","Attributes":0,"ValueType":"System.String"},"Value":"464947419"}]},{"TestCase":{"Id":"d8de329b-0b56-28d8-d4ff-d746ca0f36a1","FullyQualifiedName":"Nameless.AdventureWorks.StringExtensionTests.IsTrueString_Returns_Valid_Output_For_Inputs(null,False)","DisplayName":"IsTrueString_Returns_Valid_Output_For_Inputs(null,False)","ExecutorUri":"executor://NUnit3TestExecutor","Source":"C:\\Workspace\\adventure_works\\libs\\Nameless.AdventureWorks.Core.UnitTests\\bin\\Debug\\net7.0\\fine-code-coverage\\build-output\\Nameless.AdventureWorks.Core.UnitTests.dll","CodeFilePath":null,"LineNumber":0,"Properties":[{"Key":{"Id":"NUnit.Seed","Label":"Seed","Category":"","Description":"","Attributes":0,"ValueType":"System.String"},"Value":"1927353556"}]},"Attachments":[],"Outcome":1,"ErrorMessage":null,"ErrorStackTrace":null,"DisplayName":"IsTrueString_Returns_Valid_Output_For_Inputs(null,False)","Messages":[],"ComputerName":"DELL-G15-MARCO","Duration":"00:00:00.0000180","StartTime":"2023-07-03T15:53:30.2797507+00:00","EndTime":"2023-07-03T15:53:30.2797687+00:00","Properties":[{"Key":{"Id":"NUnit.Seed","Label":"Seed","Category":"","Description":"","Attributes":0,"ValueType":"System.String"},"Value":"1927353556"}]}],"TestRunStatistics":{"ExecutedTests":12,"Stats":{"Passed":12}},"ActiveTests":[]},"RunAttachments":[],"ExecutorUris":["executor://nunit3testexecutor/"]}}
TpTrace Verbose: 0 : 17280, 7, 2023/07/03, 12:53:30.385, 967558660321, vstest.console.dll, TestRequestSender.EndSession: Sending end session.
TpTrace Verbose: 0 : 17280, 7, 2023/07/03, 12:53:30.385, 967558661782, vstest.console.dll, ProxyOperationManager.Close: waiting for test host to exit for 100 ms
TpTrace Warning: 0 : 17280, 11, 2023/07/03, 12:53:30.402, 967558828685, vstest.console.dll, TestHostManagerCallbacks.ErrorReceivedCallback Test host standard error line: 
TpTrace Verbose: 0 : 17280, 11, 2023/07/03, 12:53:30.407, 967558878700, vstest.console.dll, TestHostProvider.ExitCallBack: Host exited starting callback.
TpTrace Information: 0 : 17280, 11, 2023/07/03, 12:53:30.407, 967558880834, vstest.console.dll, TestHostManagerCallbacks.ExitCallBack: Testhost processId: 35444 exited with exitcode: 0 error: ''
TpTrace Verbose: 0 : 17280, 11, 2023/07/03, 12:53:30.407, 967558881269, vstest.console.dll, DotnetTestHostManager.OnHostExited: invoking OnHostExited callback
TpTrace Verbose: 0 : 17280, 11, 2023/07/03, 12:53:30.407, 967558881716, vstest.console.dll, CrossPlatEngine.TestHostManagerHostExited: calling on client process exit callback.
TpTrace Information: 0 : 17280, 11, 2023/07/03, 12:53:30.407, 967558882190, vstest.console.dll, TestRequestSender.OnClientProcessExit: Test host process exited. Standard error: 
TpTrace Information: 0 : 17280, 11, 2023/07/03, 12:53:30.407, 967558882565, vstest.console.dll, SocketServer.Stop: Stop server endPoint: 127.0.0.1:63619
TpTrace Information: 0 : 17280, 11, 2023/07/03, 12:53:30.407, 967558882899, vstest.console.dll, SocketServer.Stop: Cancellation requested. Stopping message loop.
TpTrace Information: 0 : 17280, 7, 2023/07/03, 12:53:30.407, 967558883200, vstest.console.dll, SocketServer.Stop: Stop server endPoint: 127.0.0.1:63619
TpTrace Verbose: 0 : 17280, 11, 2023/07/03, 12:53:30.407, 967558883579, vstest.console.dll, MulticastDelegateUtilities.SafeInvoke: HostProviderEvents.OnHostExited: Invoking callback 1/1 for Microsoft.VisualStudio.TestPlatform.CrossPlatEngine.Client.ProxyOperationManager., took 0 ms.
TpTrace Information: 0 : 17280, 7, 2023/07/03, 12:53:30.407, 967558883768, vstest.console.dll, SocketServer.Stop: Cancellation requested. Stopping message loop.
TpTrace Information: 0 : 17280, 7, 2023/07/03, 12:53:30.408, 967558884552, vstest.console.dll, Closing the connection
TpTrace Verbose: 0 : 17280, 7, 2023/07/03, 12:53:30.408, 967558886407, vstest.console.dll, ProxyDataCollectionManager.InvokeDataCollectionServiceAction: Starting.
TpTrace Information: 0 : 17280, 7, 2023/07/03, 12:53:30.408, 967558886843, vstest.console.dll, ProxyDataCollectionManager.AfterTestRunEnd: Get attachment set and invoked data collectors processId: 20248 port: 63616
TpTrace Verbose: 0 : 17280, 7, 2023/07/03, 12:53:30.408, 967558887208, vstest.console.dll, DataCollectionRequestSender.SendAfterTestRunStartAndGetResult: Send AfterTestRunEnd message with isCancelled: False
TpTrace Verbose: 0 : 17280, 7, 2023/07/03, 12:53:30.414, 967558952092, vstest.console.dll, DataCollectionRequestSender.SendAfterTestRunStartAndGetResult: Received message: (DataCollection.AfterTestRunEndResult) -> {"MessageType":"DataCollection.AfterTestRunEndResult","Payload":{"AttachmentSets":[],"InvokedDataCollectors":[{"Uri":"datacollector://Microsoft/TestPlatform/Extensions/Blame/v1","FriendlyName":"Blame","AssemblyQualifiedName":"Microsoft.TestPlatform.Extensions.BlameDataCollector.BlameCollector, Microsoft.TestPlatform.Extensions.BlameDataCollector, Version=15.0.0.0, Culture=neutral, PublicKeyToken=b03f5f7f11d50a3a","FilePath":"C:\\Program Files\\dotnet\\sdk\\7.0.304\\Extensions\\Microsoft.TestPlatform.Extensions.BlameDataCollector.dll","HasAttachmentProcessor":false}],"Metrics":{}}}
TpTrace Information: 0 : 17280, 7, 2023/07/03, 12:53:30.419, 967558998964, vstest.console.dll, ProxyDataCollectionManager.InvokeDataCollectionServiceAction: Completed.
TpTrace Warning: 0 : 17280, 10, 2023/07/03, 12:53:30.426, 967559073098, vstest.console.dll, DataCollectionLauncher.ErrorReceivedCallback datacollector standard error line: 
TpTrace Information: 0 : 17280, 10, 2023/07/03, 12:53:30.430, 967559109149, vstest.console.dll, DataCollectionLauncher.ExitCallBack: Data collector exited with exitcode: 0 error: ''
TpTrace Verbose: 0 : 17280, 7, 2023/07/03, 12:53:30.452, 967559331066, vstest.console.dll, TestRunRequest:SendTestRunStatsChange: Starting.
TpTrace Verbose: 0 : 17280, 7, 2023/07/03, 12:53:30.452, 967559333157, vstest.console.dll, MulticastDelegateUtilities.SafeInvoke: TestRun.RunStatsChanged: Invoking callbacks was skipped because there are no subscribers.
TpTrace Information: 0 : 17280, 7, 2023/07/03, 12:53:30.452, 967559333649, vstest.console.dll, TestRunRequest:SendTestRunStatsChange: Completed.
TpTrace Verbose: 0 : 17280, 4, 2023/07/03, 12:53:30.452, 967559333606, vstest.console.dll, MulticastDelegateUtilities.SafeInvoke: InternalTestLoggerEvents.SendTestResult: Invoking callback 1/1 for Microsoft.VisualStudio.TestPlatform.CommandLine.Internal.ConsoleLogger., took 0 ms.
TpTrace Verbose: 0 : 17280, 4, 2023/07/03, 12:53:30.453, 967559334571, vstest.console.dll, MulticastDelegateUtilities.SafeInvoke: InternalTestLoggerEvents.SendTestResult: Invoking callback 1/1 for Microsoft.VisualStudio.TestPlatform.CommandLine.Internal.ConsoleLogger., took 0 ms.
TpTrace Verbose: 0 : 17280, 4, 2023/07/03, 12:53:30.453, 967559335026, vstest.console.dll, MulticastDelegateUtilities.SafeInvoke: InternalTestLoggerEvents.SendTestResult: Invoking callback 1/1 for Microsoft.VisualStudio.TestPlatform.CommandLine.Internal.ConsoleLogger., took 0 ms.
TpTrace Verbose: 0 : 17280, 7, 2023/07/03, 12:53:30.453, 967559337850, vstest.console.dll, ParallelProxyExecutionManager: HandlePartialRunComplete: Total completed clients = 1, Run complete = True, Run canceled: False.
TpTrace Verbose: 0 : 17280, 4, 2023/07/03, 12:53:30.461, 967559421146, vstest.console.dll, MulticastDelegateUtilities.SafeInvoke: InternalTestLoggerEvents.SendTestRunComplete: Invoking callback 1/2 for Microsoft.TestPlatform.Extensions.BlameDataCollector.BlameLogger., took 0 ms.
TpTrace Verbose: 0 : 17280, 4, 2023/07/03, 12:53:30.466, 967559469091, vstest.console.dll, MulticastDelegateUtilities.SafeInvoke: InternalTestLoggerEvents.SendTestRunComplete: Invoking callback 2/2 for Microsoft.VisualStudio.TestPlatform.CommandLine.Internal.ConsoleLogger., took 4 ms.
TpTrace Verbose: 0 : 17280, 7, 2023/07/03, 12:53:30.466, 967559472980, vstest.console.dll, TestRunRequest:TestRunComplete: Starting. IsAborted:False IsCanceled:False.
TpTrace Verbose: 0 : 17280, 7, 2023/07/03, 12:53:30.468, 967559487452, vstest.console.dll, TestLoggerManager.HandleTestRunComplete: Ignoring as the object is disposed.
TpTrace Verbose: 0 : 17280, 7, 2023/07/03, 12:53:30.468, 967559489584, vstest.console.dll, MulticastDelegateUtilities.SafeInvoke: TestRun.TestRunComplete: Invoking callback 1/2 for Microsoft.VisualStudio.TestPlatform.CommandLine.TestRunResultAggregator., took 0 ms.
TpTrace Verbose: 0 : 17280, 7, 2023/07/03, 12:53:30.468, 967559491258, vstest.console.dll, MulticastDelegateUtilities.SafeInvoke: TestRun.TestRunComplete: Invoking callback 2/2 for Microsoft.VisualStudio.TestPlatform.CommandLine.Processors.RunTestsArgumentExecutor+TestRunRequestEventsRegistrar., took 0 ms.
TpTrace Information: 0 : 17280, 7, 2023/07/03, 12:53:30.468, 967559492453, vstest.console.dll, TestRunRequest:TestRunComplete: Completed.
TpTrace Verbose: 0 : 17280, 1, 2023/07/03, 12:53:30.468, 967559492722, vstest.console.dll, TestRunRequest.Dispose: Starting.
TpTrace Verbose: 0 : 17280, 7, 2023/07/03, 12:53:30.468, 967559492982, vstest.console.dll, TestRequestSender.SetOperationComplete: Setting operation complete.
TpTrace Information: 0 : 17280, 7, 2023/07/03, 12:53:30.469, 967559493926, vstest.console.dll, SocketServer.Stop: Stop server endPoint: 127.0.0.1:63619
TpTrace Information: 0 : 17280, 1, 2023/07/03, 12:53:30.468, 967559493440, vstest.console.dll, TestRunRequest.Dispose: Completed.
TpTrace Information: 0 : 17280, 7, 2023/07/03, 12:53:30.469, 967559494195, vstest.console.dll, SocketServer.Stop: Cancellation requested. Stopping message loop.
TpTrace Information: 0 : 17280, 1, 2023/07/03, 12:53:30.469, 967559494695, vstest.console.dll, TestRequestManager.RunTests: run tests completed.
TpTrace Verbose: 0 : 17280, 7, 2023/07/03, 12:53:30.469, 967559495101, vstest.console.dll, MulticastDelegateUtilities.SafeInvoke: LengthPrefixCommunicationChannel: MessageReceived: Invoking callback 1/1 for Microsoft.VisualStudio.TestPlatform.CommunicationUtilities.TestRequestSender+<>c__DisplayClass34_0., took 83 ms.
TpTrace Information: 0 : 17280, 7, 2023/07/03, 12:53:30.469, 967559495712, vstest.console.dll, SocketServer.PrivateStop: Stopping server endPoint: 127.0.0.1:63619 error: 
TpTrace Information: 0 : 17280, 1, 2023/07/03, 12:53:30.469, 967559495827, vstest.console.dll, RunTestsArgumentProcessor:Execute: Test run is completed.
TpTrace Verbose: 0 : 17280, 1, 2023/07/03, 12:53:30.469, 967559497618, vstest.console.dll, Executor.Execute: Exiting with exit code of 0
TpTrace Verbose: 0 : 17280, 7, 2023/07/03, 12:53:30.469, 967559500584, vstest.console.dll, LengthPrefixCommunicationChannel.Dispose: Dispose reader and writer.
TpTrace Information: 0 : 17280, 7, 2023/07/03, 12:53:30.469, 967559501556, vstest.console.dll, SocketServer.Stop: Raise disconnected event endPoint: 127.0.0.1:63619 error: 
